941492387
72235422
449924898
783332532
378192988
592684636
147499872
343857831
837331700
197547597
576579017
776525316
188696560
12204822
669031820
758862125
826908873
897131377
817438988
737312468
370271596
580852652
638740575
585501313
439482552
637837864
335796176
447934224
259084035
778210267
469729886
908657968
750731414
508195022
701461051
406697957
945589292
832409248
586989389
192523526
213019511
891812610
658595760
715286463
864965531
359443001
347540017
744988433
974526385
594004384
956191445
107669581
665709894
618595363
198076752
601490845
123074777
392892100
148645775
938575995
355185760
558817561
853562415
977347640
43454915
355382732
749351683
627483766
464569184
257169690
24154513
621278126
6516358
3494229
845978518
34423724
306410490
180581218
552246654
762383374
450580085
229991740
635403500
635343048
37401379
92586095
857908024
339749026
983682597
936455837
722133484
39951288
799365392
292977661
288773959
852870649
587673964
331908567
180795066
140942250
758277943
464012553
684511085
934879200
343129951
273946245
397096123
823210249
575894091
879160784
538014897
897274724
398346835
179283845
761914003
776870276
200067651
681041872
553362776
235441361
705968093
616568052
138635305
956385286
820144723
631986630
318317798
450331060
146844881
503366191
974432417
11815102
571986161
77622189
46287392
777574107
842190148
936454098
963819615
552051992
932042192
376289476
567699212
70330963
223301261
433860540
570578186
676904897
759566823
889291143
695642350
908005224
680111935
103790856
302217605
680424614
258132842
984849332
743202380
511882408
516010288
477329940
682704886
118847220
619364814
362891846
640038122
349401056
759317365
809257597
356968387
74751768
220261321
444881789
719357902
966212636
309435490
970459935
434082703
451690175
441916238
770045651
652700988
783750569
137922445
19186713
521335616
110065366
897544596
592063239
234905786
99853334
824287691
566487750
626879995
474545547
338311951
462074389
445105420
566756909
708700464
5621701
714290214
416878153
19734900
687173435
156251703
852544510
83266834
148292337
392856420
812069823
518134712
925701876
251633025
667246292
964119558
46169959
326866075
924621784
255098897
135997183
651935599
764160828
389635041
972594054
619635184
173149123
816104435
603313241
678688708
459186436
325390775
96768234
545811656
336331756
763574291
657460030
572811656
614020921
890444766
30819951
569883080
431314431
681945702
944189739
287972606
494082087
65652715
325275187
239812820
221092587
460801569
868902109
542283179
79737692
87616690
648610195
73605907
857118428
885381050
741833298
651191892
798761380
66526793
597775660
326946537
767926079
751134949
871243974
124481280
630123789
539732997
483365595
950390267
108358849
406835863
360603831
209456369
447000292
739780730
590109628
134972205
529228624
797065477
758997472
800139950
850097077
15755647
728803885
515480230
453603863
969460132
863988032
951182844
537539918
985713702
454097867
593554378
43797380
338076458
652587796
700727775
660991163
934357191
4992883
136818493
705981253
583017867
112634072
391227036
719201866
388065013
896871746
527776998
244816453
119719932
43610441
452774841
258795399
1498502
921191061
444768744
96189619
937582322
888153700
456508922
511373632
781900943
403947016
810434217
357567483
644054562
13099879
827770725
90011522
96848740
306089338
143573199
427632329
428272258
393124046
182347070
385218969
663910043
104978950
473669437
667959564
2128454
224012886
737860107
693676563
178583049
52114442
735813657
927639536
212056803
294488829
717820304
887911100
484889795
288843042
801133257
349629922
377017614
44033279
447174866
308629666
499399965
430075949
191776752
372662415
545519804
355279833
16196119
84386833
112128685
937704774
794073972
802125540
440621347
244646473
200379108
422879383
433244743
662655436
693616250
664915215
921483959
904705099
40481789
505528577
954946562
251190362
871625063
377267835
371573549
925432604
739631975
353943387
598808369
866697933
874302944
546803158
805043578
659716922
594677352
266517747
160714345
382972484
511477962
928134926
918779348
288508513
169473412
929182294
705198977
690018075
805040202
262722894
198314926
702240143
267617409
571111759
271836556
290086638
899961797
764302597
638344639
653870335
21664355
269408494
207502048
572811931
824886751
747625951
640676347
925371952
305632624
99543934
35791633
492163647
170920575
141379784
363531671
100094943
980992812
156363405
200638710
562878263
690085065
48884207
798491913
822642695
547472988
103540455
275107490
183514144
180048161
60667584
11407364
865699303
11104518
997619866
902841706
340861142
89254190
945306088
561740159
185552379
613144175
306632434
109226981
667319928
188595156
217767252
313993646
236040705
218120987
192739453
802289638
73181025
47134519
587334193
752720903
427972341
46551759
906855688
938060418
965201711
266034366
803044589
874060093
135141652
273063057
609968031
903727632
500594367
848459020
897214771
310034759
924882908
20582565
498956432
672255011
149921325
593947655
969562609
127342937
133765641
640464529
18588519
352316817
250950360
790124245
913527125
855950824
293144472
791404825
559377138
443740782
199641947
471414745
228804810
129850025
137697735
804476483
184357181
598899729
696100244
479982265
140325119
716452498
495572242
539855187
276145046
493703437
147800736
649145434
121876960
923486166
291318582
238784206
653981322
881891639
721467100
8853217
787917977
444288492
143735089
862628474
25625573
292561830
306197477
168675252
936610201
229333384
432728382
437898588
341260469
39705261
333229207
586580342
429834892
803739808
417694429
925320632
924818246
539392482
78662929
175085069
828797535
874400871
461665480
29403923
600692518
600637465
525851822
809677982
430305599
574447444
633696510
200503347
5797666
119479656
248083468
547208077
636505754
835590939
257468603
882809116
580324166
718177060
597368071
816644225
250710811
936573105
471868541
757072660
284940512
778012642
527674046
736694878
573976240
330177611
237460992
193295007
991538300
944821110
511381388
118549321
594951303
375534431
108290625
514568578
88802280
500624118
126453008
684269223
364304139
66121376
59831678
15813316
66201136
913958071
104832037
893666588
672401899
335891973
49248051
210562215
357358498
418156109
70371049
518207119
482789906
943555779
879573021
46454450
936771531
696959630
328928440
943822371
743607215
838014797
45209657
834963881
620873591
896116111
89919025
138086975
960811566
293924185
751308997
833078674
476142772
798091941
285515567
871654534
755829820
467590109
669328957
744879026
975222478
263458916
805122769
998360031
127412678
978847501
177239647
638762636
756885075
454621346
316809074
946084461
255314937
291141214
533973543
500950504
587740943
22532211
187455663
991706006
773718338
618082950
490439634
398252744
35610640
944753710
224697703
533991936
697044302
147402104
694815453
707567475
42128803
687803750
297162678
771443086
644044042
659138155
692684294
78074734
35545940
569544432
714242808
920617318
156229796
467304403
457347401
377503101
899332593
688155363
604519883
293340141
640280967
311135077
150843364
471312806
214619014
155136146
906493964
449401032
304122466
555680278
788556883
867139885
782931809
602991251
284893912
617501405
322848032
238988828
564920403
436715159
923194895
796926138
610590348
126484559
947973872
977955563
34003681
648898474
547330908
598099486
954638020
34826371
489177662
818718520
299622459
326322538
500011605
804374290
544673887
780251168
207101622
665868536
9859037
883212317
461860681
213403435
899307384
587603210
564894023
636060000
119242885
622708039
427708354
668707648
371821421
480051814
582719517
969397990
296413230
130823598
499392656
123282788
986463963
380476057
803164837
857747262
325238295
360699734
936035774
979981036
90335134
104424264
508722572
888996701
291003069
738982788
443805337
901715567
915032277
844467031
823415488
445068152
792156124
637591230
429055919
448374720
881707227
283595501
426222444
263072004
118000753
438765769
820552909
450227701
104942926
202324845
231476734
875831479
51036857
351658153
476009727
843834723
939647755
803014014
474336804
268945541
232564274
187266211
311954579
976028062
305391663
997507331
389300425
363314083
790573464
308447805
270954774
989623164
42716183
138918691
858991132
941437574
360804584
383586363
304110420
936956178
67825503
953145409
537862537
993684707
817936224
511691939
489758042
310841268
75764709
491707908
364025276
715369392
290988924
116695225
759756918
489300984
187941574
604192591
252516004
890090273
125818105
634592003
448927541
910811571
891564127
140252232
753939309
618420395
23755477
17281349
432744291
915101689
367632461
6765140
771288196
30377731
933145932
589249157
473510926
951148320
895564141
499483673
155644310
739187742
324134876
218294535
877883779
211544253
479561691
464420730
743881104
997468466
753684288
119192144
567720270
267732389
316130549
908993949
371016351
919853235
33610615
757688614
153117245
932212716
177946968
400917735
5484593
751257174
977912766
49858445
332281436
163225832
617907425
89377021
912652017
546308880
562827920
516487883
176351481
574894382
297248941
551524548
194914510
614573847
678347180
2364773
714811040
409883794
245436696
745939553
746875123
769872350
639378959
693064478
159073055
4600363
40890817
448427320
594002383
156534300
180924916
751674109
125916034
176115275
744617859
442759664
658403597
472128965
851778266
656352071
886547480
494555274
103107708
312672365
790221724
372800526
406973310
497281408
611872875
146771899
471115785
331271636
514187176
599605101
8323035
298231918
754224459
828009460
547069127
243838601
415341726
179939222
66214192
31086613
806726338
117956234
689278098
138923059
482149163
666696573
621755898
488850874
818546208
395834385
619762824
264235957
468083516
275980122
239524852
136854499
833401328
234787423
378504967
946699574
499799550
575707807
874681373
693967956
26077695
181715593
558754218
79668761
32490975
388881410
596982962
178816531
348491612
558462179
227664718
120661765
363621002
861836665
364603182
932960613
122908753
282736388
925641746
222282205
486294253
469698104
802316880
297279949
639109230
613416894
132991826
15161287
741107510
362836660
621050900
412859922
274454141
458264361
925981610
919898921
777769168
660509346
792761272
694850105
810690190
716646040
636646136
213640102
575505002
253372664
731052472
712153478
692744172
26827937
441183833
913004068
643943920
942207465
788557265
953282175
236856101
646860057
119151658
803824840
617793678
131646188
322111745
977761000
598692869
128439572
532877320
358846199
38006963
388339893
83848068
325848006
973083546
873134824
955091151
795501910
126582283
873248058
965068503
774825311
491342896
330390058
907518109
392738250
567352195
993639854
246644664
661430071
759648085
251168175
119562447
133115256
703394632
857855112
576231458
719479828
802415061
791028107
909199874
890685125
829288648
373451132
537984853
168831482
202890174
139210004
342418963
962411350
708946094
504887167
72462283
856934959
128082013
869439710
23478303
549323280
990596328
191216326
800682819
586248503
144728126
484168384
923267202
683826456
222752420
853902023
798967993
669785304
490827055
161445325
807856346
258803154
382238285
25086518
199733867
903523350
26104893
893223002
914379268
572076773
843163538
287019271
620109781
772270902
12214708
757944830
844890141
306983989
537988958
779712626
168355764
767957438
989452577
443912076
528689794
943256806
872836064
633844969
454195205
297136755
264426834
682814746
400353744
779549023
455820420
758316578
403630086
247353689
869030484
684315644
706599907
19808067
948122103
674228499
809049651
200148917
98100595
270236360
475813337
65931129
763865638
665289712
942756938
18422285
180603197
309334867
962711567
96230436
855064638
289248814
888719687
882675749
887103359
4492978
899504162
492137130
363436716
953015427
100889959
511387907
794403141
939702073
460658927
962472369
702211869
744304354
369218087
284821739
728964828
170543230
157798546
600228124
104387710
16372354
928888901
724600674
726162898
151339350
268453994
870310417
51967229
839465431
22292413
173996846
130648820
372610005
529817874
716492021
772107269
122832534
480200141
950778452
338440271
7588178
372499048
934264173
763977797
434176948
391806193
199005720
837382958
565565535
941547401
830015582
153551272
43509607
231003878
648976639
198733345
625148116
5287122
788064749
514760541
703037219
752578217
600852175
535805171
713591748
345140703
704215423
453181904
744008093
912980600
821755532
441898162
580030341
93632910
975144889
396636845
404063434
204412879
168418940
479009706
963143084
530910205
139987584
424576739
329386975
689138540
713425443
57210217
176388877
350204038
582632185
643021470
187176274
41057098
366101063
232675515
625179070
59848137
331110793
275566411
392712407
333433001
60184812
656514990
635819796
939330978
402381268
610227095
866350435
29558275
169987928
167743887
660536228
84707117
277258433
215233392
513170731
781447447
379038223
515329258
312837954
558046409
858547316
968738305
974230948
256235233
784044246
442954637
970050820
710714385
387792977
997991352
11040132
376342430
459681459
1640580
527703870
759665635
513412863
329983043
319579327
72844492
121191915
185286173
583442310
690443356
839164001
955263629
121582730
566319399
265180673
514147300
530601137
93624024
253009310
376653509
916676442
606346925
642239933
294315175
331135188
327819254
42635545
331259991
443870948
85231769
660198178
420457587
491104067
687925649
957869176
459537903
788900382
127242090
383337333
110348948
933092501
746408135
976196257
466709884
837154108
817919709
514254651
525198232
980859548
107003381
307321271
642168362
363294131
456339437
755858490
906547531
645902960
782311608
477055776
575636070
793735736
920002265
755786615
476324027
370979940
757363180
49953665
138170845
284672705
107467550
286539574
203529268
381106702
240457648
805376704
24790396
395577473
240060280
36842749
226500420
727169091
799723359
832129024
851136880
609486831
890736100
823029647
463255736
295915287
271421847
923333543
428794663
988422335
356015007
788766964
400435356
760264672
353134645
825911642
359917900
562056678
512058151
481748079
886810686
557190451
291513942
927296510
524835278
518323098
786748984
285028997
383153194
534835940
820249686
529082295
264370136
632904526
91492303
289227516
151266862
486819849
762185172
540636652
492161497
621222329
81257514
326744280
381114199
802044151
69788075
606192449
370905468
95120591
369321157
291884126
178144241
997843267
594041337
670164891
677842352
619577798
754936413
482480405
436865930
565394881
196024347
976753182
811858081
318701329
839987440
943801791
422740206
678055047
25718445
617645873
739594684
572763751
525516218
26687075
997436971
543125737
969159054
812177016
46833582
756598972
304406328
668863558
6144141
683763582
614869977
716809431
936672868
519209029
560319783
544498155
816201890
120795673
898245100
742196853
981374731
175579255
140140165
624075546
55700023
421732304
831165284
207839925
308147216
591554567
72606095
187842774
814035032
195990775
376099614
410229310
492773153
431641835
564201920
538709348
424129363
695096100
856296759
213157107
782604585
899925591
365797335
456335946
642711732
405665068
344267531
70396410
463949399
196168896
594758097
335533644
508648265
448552228
110134073
547253689
797423638
986611675
624807145
810234735
133789470
97360992
257497500
76730835
714110229
237799582
40105374
174664953
940769665
742811510
268929362
171063598
996202816
60024636
876854188
498762607
629605631
669508154
571901112
402876399
326895043
673108268
175383569
202067093
183561060
526268867
520038250
550564219
784957197
766306594
374283529
538061168
508279230
775218788
802871879
867190391
256126154
384031508
243211281
861375046
893527129
283727283
29406570
780764360
78553575
150900277
280047079
396803228
208496323
677015684
221785649
91248531
234151057
523715836
272043655
647032629
804602313
320547565
859199801
723267389
845662261
777211165
22844718
187003417
275342711
512371267
467755103
877822315
300957569
624786829
696477273
333388938
534042907
813272347
638693055
544962818
301595232
68989569
993201094
245196560
293391169
980426569
47324856
939926054
459024384
206104431
658028146
466126701
425935799
862945763
140290021
753280062
496858831
383169803
234296472
333911720
89107849
107959102
415089444
832696814
941412985
735173962
425418679
950329094
826707205
548735214
399694482
235442970
930787818
493829985
174247051
31050251
546634168
156626377
502060428
416213225
960814417
195103685
391402770
545039996
655557742
712763364
404954286
297474495
753432602
183535660
207915143
453630047
937528116
297302676
718896087
866441536
143252722
19268489
14636906
548472568
980262745
752773741
824695330
191963730
969933254
35189779
375902069
346290381
708731752
26789189
208935405
392470811
276430787
362666302
162739111
553011106
147602222
299381296
406769365
532610302
122567510
887175104
961473596
528263805
178881465
387768709
949389751
386777249
298909740
535504268
729118898
557173666
804676950
607076567
674288815
224644586
223557426
575749593
885181893
33833623
29100945
339692796
122539803
226044412
757305494
862349595
942330738
253428256
422133560
448988168
457500569
704141117
3137475
215710983
154493686
715193410
677417047
822334289
326939652
150680402
675150183
84955795
55258831
220727875
603102780
525328748
778780026
667600672
61312368
938258418
657985721
939819688
965290355
142609966
704912983
20568268
530919690
767031451
628915634
493856564
77547467
182173355
43781690
235448763
66403489
557875010
536078325
279929071
820272206
372249401
818171902
278168210
601030628
926628828
157795073
793741340
544701259
332384620
517926337
125560118
426131391
208633246
917424531
476317760
979491919
877701659
90801888
587782860
787423839
272460030
400418727
531702816
899305511
576291161
137664504
676171192
735239473
592846768
543992954
389766595
129461983
130248316
684932838
608365473
780878562
891385001
470539913
923282027
865745348
421465112
846310598
63206763
388016992
32832542
889842066
636893855
197091684
908676611
39292406
587715387
922539990
59584388
193349265
842867236
87399308
201809234
950991380
317905525
74929842
489351569
386734019
291901438
101939528
252476506
368889851
698226624
27882402
535917625
872524966
884919410
77636326
143944879
898723784
737691903
713510801
353921201
883117558
420118278
179080691
302635303
450387162
330210137
22745774
38330734
68606385
34330238
276213051
585151447
963027916
327543089
411594340
138516005
922514706
41694432
823091915
437082643
141417085
347927597
296280418
258182604
845451929
594593136
423192049
431729265
316530696
116082995
472821140
81351831
781946368
560709812
784575802
150634182
294042315
446297702
57884711
575252987
445617222
390975600
761368690
390749222
971309154
281013036
968688520
413836973
521681319
221012393
915873447
791787752
528422828
165421610
694855012
269998755
28271008
929005733
684254758
611282591
415873732
103461701
159444648
800916240
260822767
387209449
598555259
405881888
808564489
197700514
103015297
77021803
118948240
759557433
824212595
403022721
629372694
298123686
55781213
223549032
926117056
356463514
678845981
131101720
799947977
346128118
359721703
223466492
619890941
418423122
568070339
566231671
630643006
291934839
969187854
749538141
990378499
692323557
125498101
638469750
499556564
965320270
315000829
707974654
785904335
379946521
888751742
638523176
176411430
517560288
109095203
835983510
481053599
952287218
822304363
880043747
520635666
833448402
682956587
368575257
559843311
671621302
76210954
127152955
585163957
896777737
127390468
416151741
574980220
702683113
454847464
367986438
187065196
663297449
383935706
923896821
129417540
638936144
822039505
363178073
467031508
193449753
630506522
806293624
488893315
709138417
869651667
916104329
367435722
118036477
144715121
789138746
484775862
563105297
13583931
313122858
817071722
835676473
414093516
339637872
303813531
7932724
626987669
754983698
296481298
435987700
305765208
179027343
5489710
501967135
495152046
719940182
113983071
512640145
614049666
492226892
592270252
371970264
533167252
347323467
967510062
806873782
882015992
200044957
774436755
44020387
653827988
77343365
90739100
646176585
766647973
526820790
278893727
635043846
327327290
816986586
379017733
38882669
413102264
231150092
75345613
755945925
868440916
9367646
33424903
406842248
773858972
460824660
902814042
18727398
342565615
680852327
649659776
709975872
95731456
98838404
343361732
84111789
348357207
633045386
849284490
199161720
883829712
924691920
390320840
128653215
207087129
130503324
793093253
824528470
637746744
47163564
913928801
237886850
313894404
19293105
648526349
437692735
755540647
964411600
768050126
927810651
503132450
923731231
216840446
668283096
300303049
133322798
402435211
287703662
861525955
474499707
282740599
490660102
984216459
481680892
510567766
619350848
283922290
582743194
645419731
693799150
986831642
478454448
310936107
195840919
208365308
624471952
313608624
105439477
980274915
276498942
405745223
142155639
760504943
548368563
528264170
954916544
869930900
602337499
428940328
825114662
609390360
802955415
345896096
511091508
225295640
172156284
433584009
324628008
441073027
957021971
911071277
656686709
65045661
851918167
240114538
207507778
77569406
605263674
703641136
343521258
320480401
733607712
531608581
56793211
999991830
172709217
551819140
553804343
192773280
508810956
194467545
598788629
599870871
37550367
481788999
316977984
616722358
842563472
164599970
816616343
834012046
980953415
111236565
648894508
971388930
44853729
320583006
982862277
764184777
929099247
167586509
837797214
173493488
736421749
52383305
438182565
674174805
339819115
366781194
960458877
778450733
280189247
834999776
175329148
792637054
50836306
813392299
620286572
48943782
319391094
819447776
583907021
498668242
606343286
987071243
346924370
15440520
552327054
489655623
567189600
10535454
938557679
458053320
480456338
402692928
220371005
758937681
795751223
527870830
374910224
364470206
291278034
191706235
371641206
232534140
415922585
337250063
690233455
347969036
699852792
136548134
5530736
138536580
323390731
323907727
337285089
12644109
320307495
129620846
650050463
905861222
206976593
598070971
182097787
940923231
149020357
221653185
202417336
500218207
61959025
92010911
508713105
132850911
693838967
99038154
906652849
492219885
919360431
845062793
143716793
217578666
5786402
273115256
395296189
947488204
581910928
414498310
670341319
519525149
237175019
121166839
92350803
585615354
129943770
839052770
647323857
267764180
311502647
44271795
496897063
870315699
504064657
747871531
293691436
31103406
775267499
648577115
705360942
852156276
671156987
791281197
370273389
945190598
350799148
298596315
934118046
994699514
69811100
753560182
416613992
498673786
724534239
523079520
246429162
791620419
375672634
247222482
567616563
497472871
914484008
959476311
652790217
627677579
68552153
989250895
959117091
854571881
354813614
296179565
534663983
940878415
301564606
161665850
582193101
414324127
939738965
748209296
477210705
947685709
520114799
580593439
553497605
620472932
895919937
296834795
348631204
615310721
309290161
723976907
115172065
62148950
862629337
506923756
758435038
546980137
663179912
919360333
307259061
949561682
220326848
640559169
411941107
368086976
846776889
305328880
169057048
799524469
276494557
581577173
512636952
976345606
114158410
748417345
156266205
217105436
201126483
462791639
939699394
953680885
768770687
732492558
26257433
714893539
643428489
180327346
158257831
614169804
417054174
212008036
816555043
137104040
485829410
713672725
989843130
676622599
804480171
770961551
25147278
542027912
72406276
716046572
562735410
602574435
805063532
222321181
504123440
211590880
618221653
194273636
260242307
397242334
662973413
561341146
705821469
40428877
35402872
148929002
989633634
957282228
21423900
127628756
119316139
444801196
579694099
496783403
255013829
402006882
141203285
529913687
974497903
744530201
688878347
979996948
517145311
784591782
412251157
640973553
176595774
51341298
583112837
236475602
546787879
63133820
258143266
492588911
637616940
457123796
363451110
326659795
743847761
282223905
560106880
720614109
824994191
293926044
780580307
785718210
573611858
136502291
3193717
472264841
382727932
862428519
60852785
417469325
159876192
752378638
117251718
240701695
541028167
506149522
7716901
395547490
442315759
592150799
602104438
264863245
602403206
468797369
337216788
712166829
41571507
618584148
496571468
109639360
492304910
801619898
40805795
175742490
579558051
612754009
687616077
824835940
306707060
463466162
603713974
825384856
717465844
295088091
1423357
921982343
608236940
616807934
869369972
524222035
110935065
270798040
385632802
217351157
729836396
980406331
420025921
442910648
189923785
834363532
777622720
15225020
702273385
828793157
88116417
538459252
424027384
202016116
159383324
337230120
826484247
678234171
637825243
858722420
25692635
832703822
26255292
898335687
424489292
849822584
727934642
149210341
530306023
649885974
125909092
597097574
130637341
206060698
254176685
102053428
477972434
413418249
671360026
315374097
446447838
870751358
8317551
535747087
635076495
939047589
387231523
799879446
470338853
705518912
759725791
317959009
32544341
18887334
573479682
137617665
222742471
433502783
145884704
801504857
190227096
66104585
418374782
533678752
868647641
444484630
19332760
100662370
594596877
554097932
655730076
212851199
373789103
631765667
301854700
961979435
672647082
369532715
585165728
155657836
381903071
918128387
581216514
393446303
415666083
35920163
8397072
931079796
339167806
373476243
255120381
820631533
344386413
360654833
780028848
545951715
278448352
736366576
61783107
400688513
276815293
571888595
451416709
400336327
309045531
379991286
912661625
152521224
56047240
555395142
854046165
712416364
679822980
127499459
482002564
668427887
964205827
24594437
115434276
169855328
370415087
345574580
472639369
614156515
766188452
745497871
451435320
87080304
316736371
305069926
168482285
181593297
413985311
813043360
826040853
318701224
176055394
951685302
983748437
841454823
625493865
761931062
377844993
773734485
699308884
785040321
77912741
788544272
727451064
702742157
736785024
724493062
318826524
569136867
767246852
520684154
503074431
92339106
485279320
6095494
680491984
894915002
87237334
372914067
21843573
452227762
215478669
231165922
288938181
266412324
640790463
849980934
9750414
798760763
269202532
62956904
913111183
860773179
142867110
573923010
976064767
834908666
102526563
509941925
935595525
335018847
219458223
480935411
403659069
758207210
852998735
548175973
412652345
770191916
979110974
267550982
960741886
91601226
119502380
192633013
541744515
251428222
283423994
898955432
231457333
226100118
877769535
668494052
936849270
456248435
907771334
780568261
810495513
467929996
919995918
135951229
710212328
665888616
353599176
5299853
737370911
55813671
853295709
65986637
91075310
499659258
849736550
582508650
634301434
757913511
328096050
348015202
534841308
137233670
28678723
342479370
835500704
240457606
604131025
447389705
430405448
972129449
663416133
975342170
482570823
113170563
762652351
452916942
339265031
671898175
63472018
189589383
184994147
453045914
28355010
954569087
389023789
790750822
526265741
898339071
833291177
746845449
101075935
311015976
793181456
701026043
736813276
969891693
700438031
562724939
693529178
581025303
224377157
855786779
562827876
188281536
964124360
48377887
245931960
315873752
346490017
717447971
578692170
248423972
469740363
977936770
453357503
188836153
574159928
918235823
69101555
64558597
414700108
494463152
404950387
624869703
304260704
597516957
155880452
10225682
349748672
522437926
880462106
343563854
404352686
210580747
204586082
353412919
488241373
949768609
19512
700693980
604912630
501473108
504833585
174259617
417699350
504635935
527943571
157540030
618293838
593689621
678049752
863261885
84744482
362812892
577920815
708462335
461001995
853049645
830958331
654297400
508962549
495131478
180900434
287371759
413262529
696211384
526171263
143951103
922953668
393334344
741149056
623847961
882469702
298635794
405926024
362658624
218628357
597064625
173842046
790082379
527052719
734310361
324591229
890881638
848362859
335406030
966262866
892830353
738911313
420587498
494862081
467721248
178295533
813643803
688135489
882188857
991937216
79255138
415902203
85008217
721931455
783401301
194667726
807867343
75208146
900412573
834056334
80904256
520428886
985300345
777583041
587540001
995262364
497195834
488708385
621323840
631936104
872722885
869231644
98540348
179188594
389408276
12639063
834051592
723360488
404035253
490638119
154917484
130209258
794245705
356505622
638570372
359049485
297140230
420633444
385972287
562494169
760770614
607241604
796797409
416675915
589719734
868988570
337903233
169895252
438643576
789651204
892725132
393513303
433853697
420702158
135522880
986936751
294833387
775293244
318090290
197580839
91894884
206078276
638822857
886347648
996779694
273274897
430685888
729814510
88511389
701614721
863121064
614055835
648312860
2949288
529160547
680293667
376703656
707159627
132038570
76762135
568009683
843886950
109787017
999828858
600743619
199324327
366276318
123345479
427957168
256809456
243708381
818866152
454279785
879601881
199216526
625595584
112547024
496707883
85776461
708561059
584094041
99990886
45695562
345671001
615097743
191738684
166090247
10788127
957651600
999637012
200050397
838714661
936656268
240541576
231595895
881273872
164780105
475039719
865614420
448645754
450887586
581721780
371702857
751799149
885281283
519356708
656057085
833579756
983827439
719738532
340233580
586030187
216094843
134250322
86903909
507655506
359842256
766418559
689818892
858476413
796006316
759254835
191465816
36059582
257644001
913968809
53791382
355129946
347441365
78052558
13961188
205220744
704969217
6822598
17844919
898860534
307878002
288230248
585532758
728762179
202500427
987488189
76180828
597945478
857376321
886442372
981412410
998853318
942444573
314887601
479904178
990787455
574565694
316762346
136351325
585492259
864074772
129735689
36099110
984066967
436148134
882455197
411839181
744469682
387338765
384177000
36248166
222842561
729401591
349405922
718491095
612444422
543977509
798215092
179885917
365604404
350495213
184057151
356451079
580696821
700970424
904102931
94886714
382768740
972860037
918861432
800812843
311125139
759318885
457670376
979501416
315467527
678312445
873762962
803395664
836074807
164659463
183058393
546933398
958683408
28704977
554644691
590772162
846095732
853995452
667937227
835226287
20414134
808050878
401966016
456345102
226390815
156589025
403142372
318169826
677945709
446035650
110223645
278717187
821914959
34243858
16663687
903478171
464983018
264877337
942569967
480790443
384321111
348170286
302157146
579040391
79598626
837340480
532975228
161290326
844631500
976966992
476641090
178131091
894261067
755759092
279425097
478365839
349592197
265309654
687268708
915576300
868214232
735884595
637039129
656335139
884127381
888821853
22588453
549333503
879071616
73116217
843011060
607243296
936814418
602936514
926710057
629067642
840034103
650315140
469972764
114060499
800331601
63383585
637902167
579502664
398787379
703666896
937148953
691942344
608848486
918877401
466573523
277187991
589893863
643703066
883260589
384410829
633514407
163837573
620023042
696121813
856176906
904469664
659817951
102283502
786765673
638405635
986995848
388437165
491575696
717812958
416101364
30063225
1831232
268588912
190796620
913693966
516309422
578168465
149568624
785056507
771401218
310988841
19104881
733204772
369454041
503663542
424957976
817162560
536207300
436923594
698024542
904714844
162535367
903757707
208478962
474897750
586263002
252408114
518920886
811834722
80199276
161975436
880985666
464212617
885257947
999310460
723375200
222875685
19250684
238993015
6066830
83489639
737276570
161915142
89420159
876715985
234116591
719451720
746466714
115540924
628007468
560293485
287686010
503496404
763969271
621047356
782199404
442432150
118324712
511612814
543124212
445253337
643042059
106351568
2554184
513111106
971157857
738075269
14726611
35221710
245483358
136278978
478822324
806220364
563375980
261574321
772963132
540290272
741561447
847155214
443422836
361101186
494861344
15593133
3995540
667179645
701397466
940965362
700298125
945115632
860463312
669885527
265276033
778756688
995108525
849917930
664968261
591024868
558906898
574164684
344415974
428797512
246965011
227083187
454327585
876112107
737344954
414250088
913554153
877119377
686932611
978257482
281192932
338138065
595616991
782752458
911317487
152723607
747313073
389825005
796351894
249455268
266838995
960386253
230568093
969525001
51683986
396049944
198954106
323350960
173737518
559218831
358719191
219584467
656964700
428485001
25847829
99995779
691563204
284162925
437615556
233053986
497420162
681202235
576272172
807845353
419355561
274227204
181272008
828886115
547641787
25155949
647523782
637047280
31718450
637444657
389332104
530255939
339655163
180325276
143893285
881782244
767618806
891390736
720217832
971141295
238220919
482262148
39558096
123075156
792590280
802974976
412392719
289506005
78465189
104483106
415001484
941256458
242314174
598853020
998886497
371470112
336965432
346941363
210944349
4516118
266187052
539080130
544991106
7021375
49057319
935132597
373283208
113995970
549235113
62461838
873998425
972014109
983376550
674342372
282448275
445090718
630097416
34055775
514859529
967735785
548498218
909789245
429967938
493368949
949579870
916696784
854711544
261687822
505508713
518266366
439004571
16617812
62600194
614257856
36725964
956610363
925840470
243631011
127694050
957765514
776307079
471643466
207347816
255941980
130441768
354803945
453588637
260245921
95185091
130138828
189974514
898354078
180660307
268415694
619200656
815475561
768798922
846628579
735395536
123175022
119430540
185557902
25697216
845378029
875265522
594481771
206121381
545439097
932933065
988268199
988979827
235898746
729288144
896279426
911468631
473825708
462680125
566330068
926906414
322121630
495470905
737813894
609485835
251181364
567188831
274383380
372349365
988618534
789990977
887450386
892143398
975539583
968672483
610361252
241561869
8646174
740218942
817524228
484759885
622410040
312333247
573621247
564041084
755800532
355448773
93597048
409915749
878669389
527154214
399403236
377776006
854398676
883185322
919032269
455386003
108346348
456584591
617262416
79266033
747935980
654956548
485311646
580555580
769939585
901355694
548325758
185607873
735319337
961418277
157834954
836766980
541992888
452267896
432154349
748865340
503932375
676739237
103591020
725893330
113196160
927080226
370981466
810017766
520326276
104869463
18385121
843452874
44367109
142168609
819322816
41704324
434740732
968018257
828752072
139117136
507951796
596244011
656366686
324673052
177810509
469718248
190427133
920833035
65633338
888412724
531482801
926909171
645339843
987657136
296991132
441880031
274623876
919693937
465143412
662462605
83666412
745631615
831374339
911772144
689662911
224821335
243108006
447664815
60065685
418707306
602455247
534104485
963044184
967937180
347550084
520288351
501887178
220122053
106223325
612592545
958269437
856502067
813853321
259364833
377955801
409840678
693209162
720125386
541993625
193098579
620837492
811849915
293809230
131530594
978159730
254378822
226282330
246798704
518998849
461457329
14495991
349160334
6462451
342558328
908517294
414789440
782164014
693678793
575482336
399506942
641845419
706872582
107267137
218233782
509363127
11578183
553694807
699452744
112860597
62823893
11368191
628936969
698099097
199417776
315014889
90950465
162827118
914707210
710674711
298703021
123139794
343889354
343834978
190467837
900409717
858505227
699777781
513044823
468306334
522396826
727414480
604223698
879243429
715457403
338588742
153965308
670956410
434756196
535768959
756585045
976573213
898445120
732606967
119909586
360802084
767523501
408446205
762051674
784863288
324813950
298551861
403520844
324141207
382928443
115148311
660675832
377412244
185003420
376637549
199365665
626870035
704914706
566359769
663982978
189661198
3503166
233229645
418849861
866076434
132167800
479625872
12032653
831422914
541358921
314987200
257131502
472523347
237483249
349979083
302312431
995341327
117452514
244072436
394460303
421736402
7865410
787946068
181552317
477766800
394591341
200398167
726796511
558922189
997414258
220433723
852593484
325219875
333005457
750848148
225945810
688448448
135783619
97760971
532657969
754739941
887238450
568976538
483287965
369777768
540611004
37807249
227168576
592818739
606410100
879444373
882898357
323201474
930591009
398851420
365531023
264786089
442970558
677203186
191080656
538865420
488923384
940142902
483158386
131181094
398735283
256816477
731042786
613650626
702124166
623093615
238840191
441859525
758649914
541501637
953835296
77394594
340873806
360988305
249716107
858983396
783589238
868406358
796061695
946818472
454691352
29186156
733470379
661130784
54068941
939354238
156392756
747650577
157244134
152959499
778657075
58139989
57157349
327226088
956441269
325889883
369317631
904897980
162595001
749127074
551634849
313489026
905289653
352175169
946792424
95990539
339446802
380123746
228992039
46631289
436858539
164058818
460956261
914324165
746342738
411052083
747315420
398380859
867106124
561827867
544497788
567335673
716919759
409996019
912074085
299595891
461673099
638962888
97623409
467695346
966016542
100716988
53742759
968856336
253093022
707856006
478258121
174760253
291084308
427520238
777570503
399822398
374385403
366965330
572756810
525312424
512449221
786562597
374396202
261923945
153429590
740169322
48830712
186607936
716202119
854639677
263639669
687394112
285975716
428029514
541623065
20262993
726066927
263340372
597082253
193489327
142783771
889301168
633828145
817490025
473289425
54300871
609698967
628731363
514303022
745973144
720944134
654123604
9522243
713597747
71214328
226588489
798943124
967904319
598453148
382266400
409363610
447752308
794039125
467411598
54066241
10347298
51544888
751635226
195708522
627421609
566323346
353306015
489116778
672407039
677054304
346318798
309511562
555666733
527540950
923284394
730527109
197448146
738874329
40022538
212549900
365482142
203204996
710403866
824667717
489558744
189491623
408921818
741013832
649074393
505958211
718454685
974967969
557019279
863495439
29638284
774587857
305393147
66367990
637979169
987007437
156919219
209803671
820669100
648879997
725147489
906322628
496855250
934097982
205618242
792627203
645232136
394825313
462047655
554403856
779772700
632429994
252781943
929422937
607735981
676300753
515530411
624283009
928300462
326217476
579169745
627453917
725511143
985301091
635536779
531274746
730441332
379785347
363254541
502375189
292644932
603781100
355497121
285248929
404693147
830513563
286706726
631355845
565723024
331086209
997779853
646676443
896550544
679415553
254637403
410120435
270583001
112162678
442111787
489380686
262994432
143548075
973928489
167856355
798848620
903851361
933477783
180427741
98844120
31453133
39937356
777808154
542404053
525747222
455166511
102756526
810341957
589077723
809105089
657147998
31494113
433758124
658427793
478050854
72178357
380793228
472421829
911575219
648547487
386665334
335419799
722133994
948233683
395066581
876370134
569892191
132322649
501234186
330776417
488262367
112279949
7913
844330928
356104423
268165791
126569788
58342219
494412586
17075985
649054015
298307408
164831502
223971388
86255138
837205233
728355375
567447755
174751883
574832116
829169371
91471165
565055249
775158065
729751189
664306791
125304002
895024408
425469075
60273136
148322717
592699432
830847552
697617620
967932185
895776633
504370618
41235426
456581789
746930483
436726869
474615870
105478149
2786069
528440086
809870815
208870436
695561967
252291896
287373842
559804732
95918376
493557931
516224501
814416775
797191992
839168144
892212989
495599538
154228783
476305342
994940272
533211997
655819053
735072064
129511660
581862812
316682728
481005269
686425310
553947001
65593641
790309743
26584844
713875567
282391886
474157492
333468684
427270896
312558794
34408064
46794186
884440801
587948705
211977569
847245830
694863385
459081453
258112794
343866068
566906597
733608795
622786081
64128282
175761031
276459438
605060896
282310421
918789554
575049275
794400119
217497300
817944848
733703788
989317048
231773883
957005756
565600574
212556330
41531906
983062984
317497794
317294408
844118324
390454457
685402015
18219583
312475313
3893254
889487758
364275571
742379820
880403356
291946461
667977978
727780909
369037917
763227885
656812319
781310095
598540444
565783476
654180065
617105155
549186722
810601020
213881969
835768972
864572717
192280098
42660792
600062721
472639980
895579416
191680206
547536271
52304900
201480547
154749060
731138356
107363470
603928157
574489307
917521733
195996950
766363892
781739915
570526185
610396190
264216617
859747453
398380699
776650137
348226963
219360337
561622700
457580912
717133786
484487385
102760382
863948800
275420988
487198108
399203402
87979162
841142283
759894612
598415387
929588738
313226028
616582512
9130705
148721905
557195417
601648275
787574880
112716947
84176352
148334355
822735758
882189066
36128931
285312635
598222456
387006441
302786326
407818505
672022797
341747897
270755972
780170801
588162449
191326071
985601483
872560408
224791836
29776660
711557083
471665433
532702745
257064948
48515642
54016580
180655303
690899056
276230531
736966106
462323131
596605268
999768546
162684114
184702044
342549089
476296602
545072728
525432678
188945612
62505343
931443784
463763816
448748477
303027068
857511351
323692358
881639121
710697743
209759083
673226423
843760793
727710664
60396638
584286919
777545497
419344846
481311807
145235031
230164042
196965465
736612336
846480024
111210136
570226233
841762313
871354772
46912868
745519181
283031380
668872869
294322051
475650573
560863567
441900284
626829245
248492546
833127085
185949723
45036367
166505032
443268053
148734043
584048745
136388882
345384801
716500839
876222129
555110182
244811425
408357055
7341503
591100509
200373782
547741751
916786079
797280293
865080823
425894005
167864146
916685823
448918191
64756086
975988556
192608257
458572636
701775113
575190519
768209236
469079634
31787346
115618863
951450295
787232662
653036361
818341317
120417530
679084388
595766073
793320957
671085956
76300458
914001729
857305103
399490766
532718986
593807830
904314281
677809894
688100316
535816767
812174699
596108269
301496745
885698840
274700138
742061721
825105329
963259088
858420141
297955508
464304102
86472746
39926963
331500955
394922479
566597312
797304812
697640127
607112614
112107899
374590011
956447783
80706458
954611996
914753147
3155181
371167630
171996343
524420086
305559996
555605240
831487027
225584367
398742361
465831299
889067723
161307418
958488343
867288461
147342223
619666463
306880353
955146922
953416676
194560538
851229748
269811743
444314624
240113694
334585250
256768872
243726703
657867949
7041616
440264370
573974929
679722562
961146872
797133153
270949401
483081671
632702440
501522060
516267919
535414047
238402434
246625148
996374479
139760541
499147450
228393009
369703049
610135179
856257691
52055005
418425279
859088805
117217218
993778022
466536009
962718619
676119265
362803176
772445268
759138962
73764670
746892593
517861343
337399972
932811569
800443460
84610876
159559771
535402153
672324567
505248149
448876858
642695592
401064148
260760933
164043316
30836930
467374811
562489083
272544819
902437282
864658111
34300155
20078738
189464454
364922629
829823196
768830372
874690494
679149160
457423210
88818987
651102768
511425623
125919557
308128993
524730839
304289141
878990177
521758450
611529536
34897433
1147269
356935808
549704971
996900556
216816844
491842590
206654576
183514829
448304166
616980566
46012343
389777552
773841112
957596707
755279039
355346490
477872376
588288375
728541048
845292583
411335154
812682167
40060521
135632741
182279942
158662202
193398570
799069238
961973703
239530701
949753067
33185426
943072413
662332465
261679340
529971875
812800836
885018268
653303555
680666950
186089803
877095988
919123481
535002257
496335510
235131287
206138541
222300743
491659229
237883478
936523087
183968870
134886186
813849973
776411430
756200858
548632671
906909165
171998315
804518343
954128814
550331179
753407724
693452931
350721055
223601038
551746698
292385176
1198605
124003564
557370299
77722503
731077033
481483022
110595592
821690368
829250934
941419567
870322320
188183660
696842443
450653569
182083716
82151011
6581844
232664488
67985833
868446262
978680978
46780220
412862681
36247398
144479830
767524172
898973314
291477290
679746890
672552918
953241381
85995758
400077416
893725776
808398296
60842703
910315136
351641634
867791045
579995679
829656759
414022441
740580777
516427239
612210947
15139382
667985494
582651744
421797552
820048269
454623537
583375481
56730334
529347431
734790068
198989397
850183936
85165168
625332973
338810314
801086302
168321097
760976381
29276642
159029652
577910791
809336987
871293533
717233425
706418354
36809615
385521710
752325017
107236807
466026807
49282554
858523588
375032759
938462725
595786396
669400444
675941478
444912894
641880484
676504195
602681260
609735740
988334035
162790635
412021207
842473326
78521248
465397147
805841960
250661459
841149878
11010769
199230801
840154947
756685684
597784219
305748989
458830246
889471851
324300124
795645256
115956346
506371044
361253454
95032131
863953
171906904
145246714
318238578
349987408
857693941
635945153
436285773
991060402
318139680
958723415
366765762
549876547
703160813
438153538
543743665
985686886
213689769
257280863
953905519
827618576
482466641
884203614
799842628
835883082
491524888
288828737
791222509
741205170
46570725
423790049
343886362
952876026
886908626
452974441
492021745
510818408
535624622
489944793
478567305
854962005
738358652
764537220
726034544
236217774
554030578
137928594
768596262
390262
359289083
969604735
987931040
244612930
750909238
2207642
137730502
162455227
138352756
720599687
152910324
872509216
445444157
286909374
664874365
722720961
864986188
492745993
881771811
673125509
189897999
10464778
794721185
842829925
365975592
277500594
929720866
501727215
418981102
682617291
596714182
197837508
675316973
425929072
19665700
369819930
885560417
94279056
802858179
500265530
802451135
648620654
568086431
177377539
508887853
435184931
585378475
967246437
203923205
182720539
802490953
173999079
161842774
314652052
53917907
428762658
364591203
35920930
864668950
258436420
343323170
372838190
385066706
792792974
495255229
576804722
967822139
56878038
475288085
606183806
339745147
155573254
495790394
761941559
466623277
32880539
804343540
602674514
346693860
377956391
393737790
767448541
760664226
20337103
14644421
199317687
257673313
341382605
104050541
600457491
990648974
132888303
541661388
47299321
376868488
339217942
92625325
375622597
294148902
623777976
325077391
476091558
535350062
989660511
187331364
907776288
279283679
244281384
84991698
838590859
763380072
846955333
256591669
653823377
45347182
837739899
939530139
574563508
357639562
396603557
475220614
923454150
106862025
586549295
668578862
461645934
817487658
34041755
493883133
331514282
638954020
662692608
179024401
316164680
495882013
154443142
963406781
781275755
320077043
744972779
565708296
543733516
853035383
539770113
359410476
845118071
230381550
878150701
845898264
427978442
157819279
284321770
5316847
600161401
978977799
236559940
980248967
988501709
901028855
803406174
775806955
108329056
481348469
573534188
490644186
891508130
863429767
3431865
114562117
169352535
888886699
932156451
427092436
945605911
676066386
721137818
135168354
701621709
499135328
467687717
127860605
808416825
553036206
416246492
71758311
9379182
521730185
118358639
581019160
766739284
854608944
107499165
499071929
912728359
694935641
109562046
492665130
820896758
652032684
529363258
840682493
856474405
551841095
256819728
707583864
359018219
690076984
591606096
250319127
5280981
606491910
365604257
64402185
569655361
771305769
287462588
908421294
323938532
194252429
76341230
74922271
707032901
766829332
631796890
371401638
449001279
540679696
695806645
410541121
146722435
624597197
141987145
177546275
191188756
286117637
92997362
721012276
213481417
604701034
80182372
635083660
449470158
580516895
291954915
570860540
355677731
926854975
163973833
723978373
290099739
828959573
859553283
216300510
849617887
371059170
970774165
308734706
921194473
809517019
669165842
457817952
846195337
194357800
662493476
772748282
823478371
556343847
179511306
228619078
672042223
271698982
358853397
911752192
953410808
153258476
540852778
708158358
642311454
37434673
920608323
752453802
230502484
256460833
154117614
537215892
165873250
752784349
700592076
965821662
297957988
99647737
52083475
375357894
309406537
61496831
107324941
552550079
636162133
974907883
247604887
968692208
138651551
93573806
466796707
385188787
298672276
165940652
453908662
85975831
463696498
92846141
371836010
322741855
36571854
33519663
338770157
457847681
311083534
535424578
941685121
996842664
145350128
503892651
362998266
455325875
27385858
154388370
399686979
35904435
261711399
47241108
828446169
46114673
767926552
134207041
244622414
580206565
587309280
252554399
558032839
715771328
694662495
172288421
65372287
9197283
531825865
134243521
191575106
458648294
390757412
586176083
587217139
905072530
876620237
713140783
314707206
172298599
269615604
315926047
440796166
822942743
619535643
923125855
925951248
338482441
56872091
212925471
103189846
267336151
167304478
308315653
848460958
639012048
634985766
916925096
618133441
695128439
530558853
252915478
70589228
940962562
338588131
961088335
265189730
834687196
758857532
502129863
819746679
935496995
376198751
836207848
105813399
329609002
306269296
931363726
9294717
290580472
94939494
794597769
587566844
751310024
968076430
8450334
487870586
580743559
798235398
687901830
59991920
319347545
434357827
189672558
946289387
789667093
112419467
842609270
26671630
449048516
283897212
518344626
178655374
795210534
236808835
482651948
569389364
544001069
835077478
901435999
282207
698933631
175329979
43918270
531810943
770301432
979705454
632490795
643190427
157210918
116709951
49457280
154668748
198479819
147067969
993050122
111300288
407633503
587712861
773604104
164189240
108475276
625704909
563827248
885904266
316153008
281865633
407482923
77426719
202702430
119333693
212791317
430666998
379134173
265592793
110505982
62501152
825078951
727640576
561353579
700223554
245005036
168968722
446078933
347599126
659921933
310951618
941620008
188721130
814075425
502847896
490346566
718580511
643974003
984169327
32756098
183035819
842189057
211263224
858779430
526922648
191284991
777315638
747110893
140580482
927798098
244127232
172644233
472727581
678724118
13753987
448436510
580431021
468588057
579700669
876027333
688190861
208382813
235829507
675990794
950926249
839298970
688226940
881152367
162705411
379241657
343479203
54057191
543400497
136481114
756855752
517607771
68405981
281068367
246487696
892407081
609692740
630632991
254176369
288213407
962288312
439639428
744761143
591054212
825393950
799016941
108056706
703171984
201931121
258877181
556736581
50284784
783146301
127533578
471349065
744055235
983615012
778754207
116908456
819022751
157512285
870386938
600711506
203044364
290777392
669708942
577208971
374165255
421546875
355442818
852344427
278143361
134752304
47090225
333118813
826149854
993431252
311447976
672717216
280807543
12096002
818773036
536977353
569649688
798742502
102105265
121047871
926815874
701012163
736116835
578593470
812794602
600666990
142483233
675699925
616362104
702623184
677288957
613293160
850883274
648946535
98951101
287275310
802404462
264326085
304504669
236503091
736924523
625063696
884782731
674320472
253389241
593746561
329858090
411232462
726228932
835482853
877270224
892208031
993600749
759450911
617154887
544469541
798194697
884131492
254898959
926471057
549509088
3533821
642744027
959560549
400538031
213736264
975321872
536084474
727953319
701919416
29378121
267710203
443994987
583279377
838049237
560756712
460253334
577876525
530875447
293611669
101923123
756710777
814828965
244944808
994708547
737210488
906496138
233695518
987575355
658469695
975029253
773961414
143914371
439775479
324365928
757470404
884422392
662672479
962433977
15697424
805202538
767210568
136281140
49781493
211544351
704448535
250727623
275238802
773060174
147619910
204961172
215248988
804395429
603389666
655612019
285210266
468886468
868212238
922555757
878793960
150166720
878767232
697833282
726011317
621117601
214807551
976718308
343529924
854221283
636276715
191394554
908223663
901286393
375251381
532466782
700705631
403285957
994871138
828708511
136145557
323101730
541406220
346804096
778058597
29606491
944092257
694648439
62919606
82895536
895055138
43509039
303539907
679373016
253216677
713573382
266999196
669610618
906712660
70207632
949611430
36971955
989381932
207432722
421559575
525281171
37605439
270787591
978513275
739419807
874638898
500003999
689132594
605092177
383777984
749796155
741594351
597854867
388289845
59382002
813106234
298189384
447214835
997147920
812117999
140930500
222891504
668092817
508241853
510217294
552114486
779570602
825653673
826049445
376590179
343766081
560979080
947879032
89431846
755333232
480598664
336949485
764666312
200871942
614089127
78389531
244898208
274114565
387863610
936921487
960442526
139136805
513751400
601920459
699146945
481856080
256910765
894874306
151515297
396388644
729321816
130179422
124478950
326518388
245490444
46031099
627115982
752917191
969126979
946260457
525817259
798831320
124451782
361640941
481802083
855366164
541097526
692283072
119604719
337468703
837320327
407495823
127907804
463812175
192329343
902752377
781624781
946364975
848708924
453283092
234439414
683881982
1374123
711287529
578249123
994893870
844685074
603969267
714083247
346413797
242355079
977995044
33927437
338385535
67075702
638692065
140409411
247939082
426201374
100363137
493386474
809268168
253391637
360748241
181056047
982098865
828312256
200551315
141862741
310764014
503516636
321897978
588377137
538676063
448509432
809739823
475383213
612514838
701674232
674865360
595786309
949622234
251577236
786714988
93561485
793868965
4343254
434852616
686676393
612508454
624674720
306931869
750641619
896372032
429337380
55197079
456111320
501488777
989946730
234989143
414627483
316609228
647623885
189429426
880477073
313183880
193181566
495330929
696864580
466296174
14871552
902206927
349792977
242066662
502907306
795667966
924950377
102730379
737588520
917844386
609782995
614132906
120059643
837071188
516039144
52319944
68091892
443414560
759568662
836330009
111560125
598438919
455761630
588089865
69993296
702898814
962802775
166799543
415146877
829290733
358181800
439417717
768608105
188439346
623722129
128282954
837834506
83673115
984313571
187460464
676046252
299725807
238483715
204426198
488362606
445431014
847643755
216794526
567687366
483896236
846219305
946844064
555465465
933842402
214801247
295799014
332330148
676527261
687300545
502075182
298338102
894400229
70103066
535962987
376210035
585472567
49251015
236440132
231040242
63097092
166841914
687899284
409468576
891384624
895478648
392618472
112028988
864181396
797929628
280761092
901574360
942829948
203925330
678621791
254144094
250069289
253880156
899719330
426536969
983681616
204641553
672651564
429980136
363827609
920433625
579401873
250422878
945953825
523567794
594705686
659011237
486555128
381201070
637191479
260272454
620703908
413648243
615589922
813020834
715770780
497832377
12268089
735163756
15995598
256259536
459942804
851984685
352993562
413364759
251678845
239010495
759738069
503804294
289273842
130415827
495092807
19213349
334695462
881542763
542907949
493217683
220864256
457045856
794655799
398801280
568007834
841093341
525739915
586897971
104891843
983325666
44857665
711737604
973828734
90126786
700886756
452791523
747810433
113369765
445275895
922199248
343474615
773929991
523605358
196297312
207626430
20040503
283700273
665481279
314345322
762791897
705947037
930044072
113232192
684410980
146802946
282457583
886001660
882317989
884529958
360680695
626175499
652200507
407925440
901950908
235213586
480518936
347814142
576281547
890077285
858319366
469455359
193701573
390633872
397014816
411333466
676421344
519799506
467238484
307979414
267274597
599505821
873377256
741903280
809966899
18639128
491892466
675549592
446273851
778972829
638388703
963454643
27656962
225533499
126781165
848418138
828875554
15446836
498133168
252566618
177641929
860422272
650481809
786678643
985616696
728774473
49155914
77984729
964237893
331509613
755796331
462107830
933521625
550517248
439059929
419789222
474888307
500783047
114544201
16337209
633567396
796419517
2771913
265156468
552897425
500117394
254258488
517544016
275326068
675503143
18532809
367801914
384193563
510959635
819255684
509247634
450209640
667788833
110853061
335282732
611534287
439016912
808224699
201360337
229234651
193851857
844861162
717586623
656216489
766957709
590558122
516660517
132521323
303447709
921793957
328735400
455881190
999803728
747938397
404152033
546670836
145170728
630636452
905364445
388854275
612727389
321624609
250144923
535059093
574098776
178667474
68546450
610182334
586320185
607468677
284789032
192531369
332168274
701143133
660919868
75386387
956059818
935388755
506990749
803817166
174802044
400536755
211763600
889551680
35912885
614224283
914865230
739891169
285143417
802967935
47057027
948364993
418326686
898959272
184714961
108465663
184612911
726576304
25588555
471947347
577127658
401091335
275656698
634573189
796577475
561382769
861355868
79025395
911976799
98350982
833527519
110392847
44805274
422255153
40702827
392153823
139227393
912843314
80299989
254268028
580231257
343986332
522857837
182508435
956707350
449839959
377186417
178869991
357862885
212656543
372404887
288096205
576353826
646641283
764091271
236420782
285830754
452544871
379178335
733892488
679195627
797475458
44769069
142062702
935111735
978373473
673407352
37086211
768675701
420050274
804080824
930279939
226067208
887404090
536825305
608042939
760613382
51291248
974908093
872024204
569336250
948928479
596551863
538339948
967793186
542435896
737358096
243974756
30157425
753143165
725980037
592205075
422921102
306781320
379518663
678414121
601050260
883348866
573128442
224521197
194478928
443080812
674057270
369876408
731320518
427832217
104574729
517311608
837781421
381312562
775611636
268964398
331494126
923616433
439762665
985635696
931002408
812641638
467764180
925188584
774170671
528681205
518948111
301197522
709551497
70592214
708195563
714490242
418193648
494637524
237808430
731221980
431005650
53707919
221862800
710499546
10428628
841362426
438956605
331244298
576749131
71231453
683476054
149085965
285063873
321797972
615430256
200706074
737659254
651135310
508129043
344843384
780861661
895094031
828131644
448282119
945935130
275675822
390680283
458296504
299054219
597467032
7807830
26707216
520327228
558019851
64363012
66480810
995467377
141308060
343885491
795084978
754204960
237307057
763277347
762725994
488895604
991826184
94936713
860881320
594792267
383954734
838504973
541856598
435185081
898934537
499608396
146506737
45810563
181136719
252889558
140906507
410328229
414631948
210776241
33238730
675686861
49044768
312338644
570916454
574001885
673073855
98955693
919821998
625803629
147632623
628669340
589301636
214781254
655948557
86964853
200190812
969759464
547840072
958051330
523708865
126929925
840144933
363553407
279237073
103159300
90077177
819423004
515031228
673500799
372268146
19087487
888202824
969095109
511652367
747197759
519084368
921052504
25221539
193426538
748268096
436972144
660348118
986232832
589866907
229779575
207404196
13797237
818305654
20400012
440599004
687079475
339198714
390899968
223039394
38267414
545387749
329512411
994039277
595649518
860057098
373017432
582978570
724871680
802007756
430497124
726498071
389945990
24354983
895831843
875145353
335593002
602002088
775553899
573868198
812254863
45085168
294561608
799919372
788607688
469044
238193782
832378152
526780895
497997888
778353130
764526272
961388880
394074223
326894666
665789034
494398859
470071093
470994544
762856978
987933813
351653782
745025003
928707960
753213927
151063980
55529853
288495791
142469166
516330276
807229342
895769760
548470921
788203969
910028023
326180229
823392687
546020824
603914985
899867502
822516806
631834323
662431748
493327551
434662765
405481390
169736336
293214384
928522035
943321981
106318087
669424588
994181405
139179492
607349400
496689778
424403108
242317213
981254566
211141975
604413364
78669046
502517831
253891074
533141295
438029904
372450502
286788943
722353512
919002785
701728290
871294445
474865833
906515955
825178765
24548576
866654125
9495011
213524973
886658559
448197158
411429411
718940766
662815351
995497784
584169208
818453165
146525510
128187388
265871292
491268319
933401537
8020478
37350237
942107304
698801678
271221184
391163100
659288053
147613099
681817397
121872336
313527651
543031269
285795398
61546720
482620101
374474338
645179217
752978508
251145121
328908696
7333797
338945637
598688692
755354451
167177223
382748177
470657898
460495155
294595887
792744264
802122342
477449003
282636364
680230297
54843904
95319556
111583612
210740390
443658178
125276120
620798549
809956515
608347626
397919383
209935967
752241371
357161452
263758981
826235800
192248363
362200301
366438586
487287022
221375877
315070025
856069025
867893960
764382319
209203725
716593017
106451326
388285313
392698749
264628439
622257628
304296683
617550224
725529890
771486627
803676908
491140975
644541718
335660040
115457628
912671482
631977282
22833204
979824931
696645442
207607434
401436610
440255167
824093456
349366949
341694787
835475651
425481565
210750111
631817405
397090130
931895256
346255193
757422632
840563624
720015715
594746372
402398704
592770706
657377430
554660010
408798582
928407280
73771579
532363429
915097999
298502202
218910672
599324454
870202115
43064056
207549448
64224175
566330127
150056265
365389130
784015001
716151780
332273501
40584753
882684815
909442853
577965051
36505610
620157969
984843885
716244220
982347097
203424242
112021959
86220238
667643988
169735643
456495668
343507441
996561766
336070086
810450473
659131261
740579758
666551683
860864014
443821979
874591613
760118582
609401024
381064967
577956572
276834775
518175247
322562197
807897603
666048433
984391489
939823529
729051619
890812131
727288205
304553661
430987422
424716770
930248353
989309919
670031369
889687541
120015645
240120624
552606257
848533944
809871126
14505318
926357459
958637466
532534932
213491275
692352226
357691998
123151380
888034619
275773188
41777566
676077830
878924202
85799958
401830467
562991696
250356636
832512676
951761678
907164873
427452971
298177649
10293011
618504639
781112837
14332149
619654712
487140722
334226924
838546394
989177275
289126294
400280372
854974335
104245417
869891029
273803336
716582261
402110056
309191755
527534373
430724868
824640302
659669000
182537692
177790887
367569543
77930898
373962517
469907340
101815251
599280992
163951239
388774421
896165061
291278944
62530945
181829721
370537445
489643633
680514916
864557475
680460047
346055914
912689191
324589042
60587506
363304209
636731602
234509944
247705746
524959909
421291011
507308572
305880007
693938773
634274924
892458488
116936636
647232071
422217554
921832923
289111664
742642322
580444432
693626567
602146872
865063876
826450322
125272948
883723323
408172892
514873051
855636684
394136309
396045905
261680511
322103917
578817205
228483977
468208425
976436522
774246942
758136931
377727767
187818378
463645354
884756782
516571289
746104903
25238306
482459567
158912917
226076369
549265447
734143391
389638918
419929545
77529773
212951339
845388152
656165254
456151674
549475698
36628878
646013587
282038956
526141195
125494397
828118063
253951024
245560956
905695374
966974667
540382796
508116164
415663519
622695056
212812565
157170642
285899171
328671191
413423098
42627851
921835805
24609710
10233399
215683528
36728745
931201626
71921507
508134357
205870196
624452047
478561251
916089332
397770943
720734778
412305780
426155608
469705312
635437176
760684453
152572714
316832320
350679708
583376986
305608456
265685726
25550957
223271499
771588481
882430154
276785125
783554434
12759962
187205931
2913715
375649249
742284876
831649338
472126906
431657370
39232771
722303941
777633680
141556661
988118048
953999277
275324160
645867149
812693880
907822696
390248072
777671251
109745876
439088511
48355804
412266890
749879407
24010769
413419105
2165641
16818043
353627471
488436659
893996284
403569308
926510334
487195167
29725283
24462955
887017976
632188713
102750354
94021620
965774507
344493064
524007728
283851576
609785752
546309669
421936440
34549164
254430165
254860192
413752698
163778233
661625228
922843595
694005019
26848314
723765882
891747756
533815312
561443073
729741936
611532415
308548008
768633169
206203862
958138418
659785983
721986917
799651875
388074472
444490636
139633128
372406374
263603831
518768020
285259899
828684224
436717290
794784948
297273907
925569000
118205183
907178587
226740249
979939749
565487529
975751757
652864424
98809687
764044687
1600289
982056273
650417007
89246091
76627652
929273082
859093235
419432749
671199988
680224891
787959803
45158198
17262534
500189728
697287734
872499229
906011169
4636970
283902310
647146637
490098753
214350414
387323359
850019301
131670581
39294516
258146060
117248183
30860384
691813369
344540139
737924937
467665915
728671149
502013324
428033559
613525394
197753558
569418133
640657487
256130435
209284844
134845121
640262739
395081346
393288155
833890140
531182651
803493912
274971780
823422409
919819344
94509343
565344059
280818428
615896978
686126664
966715466
604228353
113915443
776102037
954147949
67609459
754850842
674639839
69045589
738702341
437915489
485140817
186515493
878985469
749980376
767796715
266132984
973777844
884648576
534926080
267476057
817257239
107326480
351534264
956234696
315505705
325422962
698872463
242076220
731606655
420415303
95173076
75700636
767001794
198147935
443806763
194412613
506505521
980159299
705756171
39030663
138788892
404976299
316856129
251026984
607887978
944347656
488232299
27195615
37209108
44625147
237956734
303028442
22744743
812790492
601959745
650876985
384235974
602675508
628025296
943512720
23930278
158852675
243544089
984617321
210373521
880333179
232740962
894183616
145629284
417668610
771509185
970803589
2287888
828190516
625587875
984467485
149580572
675129631
769337670
781535458
217584929
296111366
234423870
905192606
345178445
70266335
962345204
569960724
634343905
649139413
492624418
210808695
44787635
829194694
812855384
197623537
546454701
428989893
195825274
311356702
621326924
901212057
919485504
859307150
106254369
620541501
732560053
295702342
752399956
868411230
799131833
398899519
476047900
4768224
159505279
44677350
297559112
989438554
112074511
469197723
922458553
806559125
434409669
611209266
579762661
663686928
594860496
252894581
928889686
928101759
691560884
971132575
296184361
258509128
711057609
205031906
447992976
745812740
234111161
863296739
64419152
142269956
98643718
866169657
778252356
954917066
268820353
120293105
64578264
572898187
59726548
179441933
836228750
811448500
683623674
719754752
105398141
726805346
618193857
332129331
807161549
721303016
664624463
306745476
970127164
381645901
476848794
655840962
309460892
330834635
286875119
399384626
319450962
60205138
398123884
112136205
312209113
785440514
724297093
135522303
431998013
809351860
539998594
373403306
450955169
625173874
643988480
822319649
900018105
711171579
907843948
820348525
369629264
505363520
435057291
699713036
388437700
782317034
102499573
924180077
731736197
501726929
202105237
648428149
853282713
584637318
358106923
533404413
631083291
639310282
918315722
75778897
859748791
917192981
701697114
300110258
763522608
544828688
354608919
552642517
358251995
25422875
930964496
393250147
510841121
733704136
152704169
545693303
44739585
792467294
89200409
538862627
463703691
220760151
65605357
730033387
403271526
909727970
647199619
773978951
754434635
157790305
261525648
424247846
806311559
498581996
677617819
112938342
780150653
493089997
850334591
880675421
754169122
455447298
725742829
552906835
902783103
724944831
755727591
190180613
238279219
27649001
550959686
293468452
510951151
637217435
923494710
114496212
845118456
814843813
406720949
270752301
85957032
135989768
795931159
850062270
582163436
118655099
774486405
713145605
743343303
194483177
44272761
802953464
357238990
57321457
498460483
520189055
405396395
21230949
340693639
953692407
580436635
124258507
658088381
931851440
730741999
460850911
845343152
899340656
742241934
998439183
983814912
483824879
435772018
382386174
117388448
618701657
898330919
453579265
912677464
947740111
110566735
250105253
346966340
998319334
175883808
13477927
947293779
290488102
131800548
337381370
231046344
932785036
44475512
558732101
375652029
706498568
790357965
771629666
115961243
949670912
737876587
934976609
696195748
572154571
487432681
518096259
259557738
846002743
126888310
170753471
309686356
899232004
962574419
153602368
179511584
756907879
76451415
480453860
233288539
621655432
206498922
369063103
297485547
190046724
25837322
127472790
486345862
419875947
986242761
523357285
14112312
261188035
769696460
569166553
590248929
763075843
420695886
278096855
605856181
646729113
251425819
480903923
426316986
492060133
634396949
320703994
128443725
65518012
924782771
609864553
54382493
793252069
508521085
620816115
395836463
531012511
181277073
656973310
569687128
852626714
733533473
57833510
822927046
44189689
126276339
623623609
296773624
888750294
312248799
419568698
113566401
569957566
734670933
438894815
784833737
202953649
565364949
470963987
867413772
297982243
982076532
296116980
882727513
895480446
349794141
681532886
497901524
132842398
575635790
544614078
39953268
824499027
170071063
109534439
469416581
592168419
86843423
218678337
872549416
309469061
670496479
717605869
885632974
693420774
453893476
951078082
549385665
887898024
710446801
317138379
237646236
478901470
843373787
813544135
147784909
158786450
900104267
439954088
969042714
596621632
634568064
933078548
453480217
722579032
49971946
239940071
24786614
385393343
432993168
357509039
735912881
631478862
715165067
679514671
965123613
771457874
272940681
70078940
590304995
356929290
434573387
641415011
935519805
510609453
903331623
63055905
558000699
676957537
727775366
866617001
213652801
171998661
481727847
330985282
359199879
757151080
319018714
115474535
738952856
709730255
778410630
603193157
740026835
585095283
396582693
25016384
811509485
651437889
132523266
273012078
579150701
875387672
653109378
914882330
946738223
746050638
293201560
634401859
379417058
12110124
280982862
84746010
429080458
68301421
337712707
382375816
634558206
55764419
216720680
878568869
85600619
825613394
510233666
138710594
722492367
651531571
746078955
300511072
370511743
821231603
222729233
480881847
931883681
740218129
818062518
29083696
64585907
470041731
223973486
332726379
703120642
783107634
169616356
575204154
214950196
544495225
535168853
792858148
585830847
438231722
617608467
239706851
102211695
671218569
424285699
121914342
93237476
591817679
320394272
630146768
910739217
439670440
533083382
52375287
170257855
265717301
847053351
490357734
898970376
333837835
776623594
45899227
428267740
704714163
389283719
654436426
522019711
380586280
184082908
773382232
25225225
260917596
909123547
658961760
14514404
391792306
241310473
793735538
454925394
828369797
246567937
178833871
32663781
380562080
894899951
87685486
730315269
8514501
350264854
756390267
559484014
555602471
440190538
666960338
248741039
856944367
44871543
18690440
237398955
952516538
232076056
706680163
664657180
941958937
370570432
392853085
556928523
793046799
906567317
395975205
4948825
134196631
211092943
653536157
750517306
352021276
182147902
1695069
912205493
455338751
109563842
265748527
464995365
443845653
77992656
869565841
112517563
893542182
538397940
447018038
657064697
103088495
978446409
781454981
873784888
469915937
248063747
75404568
787428643
154912224
881894885
204194111
276961594
708957508
130889931
152249723
811297360
270716763
382423330
944403971
74645262
272100645
619112555
353823554
521129326
974820631
695281340
877677142
442421568
471617945
563439422
480176019
872515752
142432136
960619184
943244030
529040030
319475892
858095074
501666003
196487532
110060131
250374203
277066752
746842932
668717517
991212596
99460263
897787496
896708765
13835227
398213792
70118480
886218102
591603537
822590964
914795400
340062828
535619404
629365091
450887294
594807175
338172822
813597407
313196536
669221700
927962508
248703503
791243661
360512787
601608863
396171981
258604583
728522202
622427863
593825192
374777991
642031216
898067275
700119651
946056641
787086371
910667434
322970228
108217275
140625715
297294773
742961542
87697843
103177044
217929666
291314679
145578678
988680752
863137083
986836315
196417066
975182819
157884957
946632951
913967173
403508605
128440442
398040135
595476115
839417732
511349495
407723384
965962868
513994863
684415822
5264366
513285531
495751468
450738381
993987776
786801808
697737626
370349782
476783927
444385583
688630544
203155805
924579155
219023655
493611733
736678253
351410758
271352956
386334885
414588323
667453686
552336902
692522290
665941169
455515775
452208624
142685857
818793437
254207151
252911673
562556681
498302847
786601609
211870518
577651448
775229318
906351811
944797198
41763821
513636340
31472199
776497981
477669087
907210078
677003957
34651922
323581108
825789293
339637984
348799536
433402059
540550495
998651725
566257169
486762355
78862470
378410167
636318078
614278769
451044552
554156685
6383384
833173886
705532189
976041842
665678291
123313351
551751701
734066621
818995573
757918060
324648527
451403767
506522396
956953601
101356803
305262943
566137269
562092303
502164601
523474537
735141509
947796372
575565456
624548154
347909540
319459711
682474296
229632558
653786749
333470773
708991736
97512019
931794512
759616271
225003369
500501995
505464497
162597849
188150200
228332270
510888454
385610069
185312552
521741189
225631756
145594806
100475278
831574672
893535826
693349670
913518547
527513122
311371452
101867584
77359734
767062015
801832449
857219222
937572871
12308517
526939182
698525484
919460781
581125440
525848866
349097211
368123297
842561332
639677712
270029679
776945585
76657559
859045631
906142442
462710206
46238259
418303821
382545215
434309694
725582217
396925480
954455095
799030459
367726921
3210772
314472975
336148561
165193436
141231720
364987896
979175988
350254042
376715728
572185750
890577960
701903508
398078668
292089474
770102535
778861195
333343792
632914120
263948607
482068726
116561826
328049001
708915025
335041345
839871520
828948954
179449939
182636424
379073655
506229124
266244719
420818720
939075021
481640514
480119138
710718735
352553495
925763814
125636350
441441423
370709667
109870004
781717928
50497935
821962896
483093732
566510810
191426354
416492369
257146148
866033058
250912333
147022639
113033237
157302050
792525805
516527556
671624394
871321870
868496847
897832064
740218444
520037425
416164583
440220455
867075608
755376872
87517146
113805392
640104094
452525989
493214083
449158632
933781956
935794029
779319154
67012525
730933090
961822299
906099816
296763828
139880900
206610971
758915804
467714788
811014699
186606191
415641465
727872377
708879692
176324526
143388062
48648065
390771151
516886848
851379676
115444578
22793937
390688291
417810044
872277586
321289314
722359145
819470327
539329246
65660936
708535992
105743739
119213924
764014907
865744584
78735725
12067480
665756135
752987625
747035617
216014851
743377133
233322618
551074084
526057087
39376033
793276275
458393651
188330172
649505613
72273116
763722561
268829631
15265709
332681811
805971509
893025118
363712882
913287563
477454633
895544005
521501119
94684871
815321836
843789043
845109167
485864803
463281537
344110910
914242765
91035724
23295646
741863883
410831258
194006658
339363886
23842839
98678794
255713181
821759184
6057841
269854215
504404549
160724053
500911997
604864493
286559929
640092229
317894322
684192012
643241801
359803483
673923293
699556394
268328668
630304517
660449692
787154430
939877739
513547749
346513636
275519414
893739140
834394194
794695548
246571890
929115080
196681688
809189760
712997062
809234285
196792499
638074078
875577148
63698108
307098200
600919004
712751824
309975700
740787693
113082768
660266098
683563493
585190092
347727462
430314120
269968438
287722756
675412639
693678441
137174049
371385816
747278540
149193698
250094033
941456446
925497430
461319605
595397002
573496672
628318714
574419990
836873250
948584735
433183813
444626476
464420224
349416075
898160156
825384342
478943524
207507564
382462775
390575843
729947295
716012476
716265121
7774232
759861782
747627563
118038842
558513455
777032899
662946458
112029237
83834002
508010356
501741984
393834906
859742628
908107530
852443144
204340421
211190584
737949948
300656465
752897253
469423128
815229905
724140077
609518462
860919679
897806249
437182722
146703592
224602527
308950197
399703660
346461389
856471069
830731195
286231993
501468335
576569488
190427283
766761835
217861727
395856645
685172396
805128122
584975495
20248702
940703624
250706192
700665122
392145774
713799483
462610571
111729662
789027903
901041392
46519934
829596993
818982860
868602212
421270256
145607137
926643687
828837737
930207771
845988394
261759956
916875877
979536622
650700348
283776204
827228880
800417164
449790603
884816507
165209785
260371403
782232669
477170563
420196418
433465270
155792464
252758519
564664352
191332364
786931409
414668256
522126364
33246398
679646373
957102524
551838100
343790964
491587940
751185146
238440442
604867081
674228729
496612479
416466772
80894731
976820004
472853796
373398714
869050940
249915896
791563317
183873244
856205587
833868381
470910451
177652858
806763324
335079311
48772115
732733161
844214548
169402013
452906558
247800469
417573422
842456811
745988751
441367417
648797136
464477360
702392856
616101288
356694390
451557241
937867613
940814792
985499470
105557156
912645335
463250322
870651067
489768422
348726130
30787156
683310803
329477062
764361999
933447535
885691105
996204575
651637507
422619864
169047267
333637282
805524630
155046811
756254732
80680785
219813253
604553812
987604292
467502341
577852545
228053428
604791203
460274154
631712174
221089026
806512890
952061950
799595301
11773591
635482186
754670485
404119410
965272673
445119562
953226200
472888854
997542497
786707429
831934273
149391878
9278765
829066938
677585440
227372074
841018478
739668379
287231769
257199583
701895011
472153358
392442276
285301110
494294365
602196943
362445964
151115954
427493953
781250892
843882097
346920782
202283273
887150119
9542214
160753525
608513603
964722872
430663123
971743816
35157136
41152905
358659635
935043164
789088550
336564184
117792855
861444665
202332239
444082712
78034818
562108124
862309864
132342896
136922572
559766581
400676835
916911930
352531615
560833450
172391109
521599877
315834173
986311827
322199080
350396820
598839095
875556028
823228218
945454429
149809399
780274406
256947517
577469707
835061304
877801285
368185349
383000445
85985928
957463555
713918589
530582724
327805901
682997692
178217762
462852265
963546301
735554048
564818054
183786788
179847524
584869333
88292303
879087846
302889890
211399730
572331317
572965840
978635691
959739525
111860359
548593018
284824197
864344366
874645927
135194029
421513869
37548546
257778441
518318825
697103346
11064009
831388728
959234784
593477433
695730623
70725202
437269753
32250807
118710295
543636615
561444558
535289882
530809971
610441885
782223022
975717601
734268270
677602671
783619100
735257823
436782610
481188201
493215822
881391036
500957282
75219726
612052143
332846196
999989714
841873779
355418461
611197910
792404937
305148609
887020459
173634821
331807270
244478646
249847968
624759291
838843832
593750308
503752055
939119617
48729797
356246129
600502301
367734841
980615044
969593878
668813238
102233108
908117667
450031904
718253849
640224732
335418817
603040434
2497359
567211307
701082613
969577089
84659224
942652786
115962437
234458967
56288870
483121268
800470064
242377104
152775391
217163976
86909477
924786080
650908255
218681946
699684361
927437450
51658868
370937066
95013301
669159530
250298336
724626059
931277686
184728813
4496155
418548774
935929996
539110356
784589007
159769077
2928555
660988789
428557914
341735432
708852093
414688057
454075471
896453827
828953373
86763039
459760373
873702750
421395613
988841272
862744262
825838692
728792449
889095209
20925170
317761076
365276994
923784620
967305690
510738819
130189261
735531023
520040853
371834328
130653697
81795507
454489198
366810639
622756916
384957838
80977763
77657815
640466095
836701098
609557160
17874228
337857069
703086500
582753826
308798205
376391264
389118253
548496877
347826527
840711788
541064845
38633175
282425176
144256874
678628635
949148898
501887549
458840295
567970246
841820614
396531764
607497058
576717711
963049836
788392635
669032657
185586188
151724148
895959327
505344797
579745767
229270192
940855558
281945249
675575133
730021799
982854374
808443567
585476288
600073491
847283851
706373643
833713909
383900515
562757525
849077102
890738679
937124410
243241463
856318468
424453970
357335790
286872697
491918318
47709353
94541065
247837495
614742721
304657968
466535116
316700193
999544326
115909426
488540071
226198393
605424056
492535436
474056898
487882840
703188681
575882544
932439928
567153960
582690205
599124644
872261078
175581227
286971532
543811456
487203617
608410099
620439141
24955380
190663757
462024680
359787238
231843391
554044038
419949254
719911749
937861433
685077419
591879452
576838314
782395082
267178190
167562701
893214386
146254448
68205237
188044947
853327854
388956093
466593372
769649271
931374690
469862615
464932721
814885466
374616070
658436343
141711575
411910000
607529288
234120938
289642788
697764800
141791624
160096147
246144290
170287269
623442843
906926183
628050513
113588560
804546121
690976239
866040164
754500931
281040591
517499978
836214976
166592727
205484894
674421672
244821760
442660791
772301210
482577104
700609395
551180643
435345179
215860123
458175132
607666094
376478191
161481590
755921585
423987009
296584982
272211428
296934429
767291414
570701061
742444794
243933183
185534973
192072228
970695650
492500649
983179034
450491216
96545624
111936545
749806693
6993498
885623344
64482467
123659304
907322501
235384782
695212317
283781
571683596
33549996
64397233
711065070
758803866
44137176
387397686
731761067
952920784
212496499
747910840
43192919
707374274
823934003
810445300
842767459
575354234
757154273
282523101
69187730
336024948
597248220
865092634
839901307
863812640
25746581
276587141
604598539
74178660
676477201
729450413
272451840
318401303
220147050
257657685
692832623
996678535
71582286
869068019
130613310
190366708
220071550
98001970
565469355
494457362
379190609
872674672
736791491
49956235
305048878
109721664
597976300
174258299
457533461
506298346
779119196
141610994
939404823
621156838
846813599
779831414
767973337
101840997
400870420
25589374
353528086
65812680
141383537
113543928
582939930
9955878
104849979
330563012
388958023
606981579
506688079
978012214
798196628
318896563
915511644
661028248
452916489
949712659
338142566
515595685
749946948
831899345
676611397
884483344
129657847
835393543
816972580
434790907
661997927
132360836
651144450
681040000
958353647
690727242
316986164
268157228
713424507
133412625
851256033
492434815
299068429
308433603
982892677
505144429
313407036
893572094
465213038
906752223
114992304
47408533
111962434
618192435
270568103
484316687
799201399
684846264
713960819
228093991
15123162
60807731
211778298
620464458
314663177
397876318
207787061
469339676
843175929
918223715
149877681
490013939
730864496
633672293
65680401
392999514
207869579
842513911
413689994
988744592
597521466
122790050
841470309
890885895
747878847
196249956
165138048
677232869
751534899
573534764
46250446
159785350
846351873
401098847
937108434
508578808
329008489
157985622
455269416
92035709
796183806
950271710
647070205
877438733
397138729
36033974
215685778
480159185
219892644
432538132
578841532
966624681
472760319
735951393
735489639
541092007
191771678
187892856
143615758
55457938
87383224
408836267
368269893
585506660
698982362
647621566
579747632
535053772
769440099
784142506
193548297
14448557
671735173
224730843
660608157
218171549
580366666
852408499
537613519
972858471
647631629
697797125
148780308
35339657
553258237
188868250
97748214
788594615
394056605
152144559
399766930
815117910
20981831
876547445
321694745
794647810
386143652
570881424
114073682
322785288
950165557
882893209
144754967
499863789
579919566
268628124
20509395
69421285
323409685
440868507
901526539
678484316
887632392
321337609
127971282
807740017
690040948
72539471
344108114
144019318
76279678
674053450
852833610
604191090
561990942
974524363
534067851
335176607
349610655
52273942
13539450
692009452
541911329
557862755
679206546
36157307
150231063
891462497
505363935
306264868
50520010
947883694
230167939
818817009
202850259
180795488
235995956
871637408
760562085
312833919
879786428
474773796
218694913
896348552
9883512
367311140
836350591
826844908
675670746
708288635
10375180
809852302
135683816
973983926
16980838
837132617
586415034
414351513
253107874
203613288
975683839
590895770
541260967
926797868
423411833
401227109
281575857
254785866
979829884
103351894
552312270
596495978
32023667
605001730
355034980
902858409
534079323
500600494
842808233
349734424
136455751
616221398
812199210
99994170
282049242
94204840
816533573
175933578
98887120
59074950
544615342
761278195
253575029
326634120
252115182
611011670
75112492
213564664
346512607
991191816
745083113
368111060
859436081
453094737
874566583
218654543
386688489
417098221
536675380
557274448
963299805
59702927
427592720
662929393
513440057
107531866
861147026
354899457
771542268
714698342
507364883
582573955
27698300
979884097
770706560
31659053
618510814
983195243
276431836
749139434
152387743
753780952
984882108
254206808
706497550
477059442
205525705
17747531
72402895
624373909
134742849
712504904
773704281
309823377
32245111
612442379
165213561
683570476
251317327
174455041
170036941
621467165
160524739
105515470
876768330
190153106
237368160
76998345
766913207
867095467
693045961
378466683
70928943
380907516
989029427
212079652
575258275
592510479
745772264
101774390
147085910
911039456
309000132
718802648
740119135
412418143
308179387
758421860
717768490
609975794
153664081
695180265
692681463
100162288
549029408
401552297
129117274
760445991
531179862
562210716
276624569
768058710
734236212
708413676
582893778
1524148
998457744
704566135
237959474
686866535
857979732
525484625
6440638
671537934
310288636
416070207
483982126
120596536
583800348
342806588
3787661
287484395
626809048
60835320
939791035
127995934
866541675
511586900
109983211
402606398
936502177
157929447
837648677
809069741
704523612
713275260
548053445
788816190
510097170
330920082
784648954
300804027
384663373
116983258
610633800
392334175
138970154
911155133
998372358
171550813
790781403
966039252
894914017
429838935
217162021
201249902
937261399
218485479
53106146
288745229
677747261
500399641
732153217
980038377
947100474
931631855
142084993
390393963
468532298
461664220
231042041
356380339
471526203
431189322
381397523
138555923
648905267
314350612
175573645
419021458
478965800
262512140
23504951
524850283
385086822
92054646
405246583
709444747
938971661
404120715
965679560
38866710
500762769
764551160
360909878
878432226
526400568
86990172
301506019
69598458
791930271
988570317
817584518
571969820
947720502
650685524
871389415
587136572
744228799
41444460
419452260
906595327
644890323
928796807
993329776
372706369
877228893
314846601
126453774
715121551
661847069
578769483
453144922
679513518
565887014
311407129
103703296
141867538
153392480
336089397
267139011
450269287
975211271
238244690
195144952
292874508
438386218
706714649
932409608
130517907
377181229
828929447
205908466
699840323
188235591
740301581
843215814
648077718
466033925
322221263
660571947
493930683
918936773
631594342
170116058
365397525
411008572
502980030
896913184
559539386
904595440
781981112
54410336
815261172
84299199
128861353
212952463
95612868
178463575
400324057
777078198
528942426
459998395
805201158
229717876
41124766
317572804
169005790
920172409
599692715
704628126
731737480
769588492
368693582
344376135
223624476
961982086
252387211
963810323
810476070
308443093
207891737
657230634
754134567
164876026
732331233
570530569
699254292
902216843
533497986
17889789
345435861
154344498
415544528
211623595
1442759
970299692
526971985
680794763
291048251
946608842
374578623
398345320
591810805
961133811
415073928
660700897
945773229
855568544
543544145
173818092
549786769
254092383
642355311
100799054
895724993
787564242
573572716
196850211
496788178
992497453
990411400
117188444
272841804
30251962
207841077
605233980
844116780
762554968
846803098
778474459
319479139
632495352
152902930
625685667
321108052
650383903
352255914
850026198
587434842
117582184
622525094
136474117
644094016
373152767
602198524
194876058
128292295
237426470
967065047
354490448
110453283
278948020
436935445
858192053
39230846
829130640
838465482
595495855
837870196
161165883
638284219
422412788
244578454
690945348
501847780
666770832
42325223
865202129
818968051
620811875
908537442
854788636
29709514
880066720
395512945
546216436
908804353
456074576
493770103
312448312
266599521
542950093
797351240
178468448
226887530
837611335
211088300
693752564
946562510
744453954
563607776
210885138
492416756
578644502
98754068
606144748
145575030
299688046
365813741
67885384
513939619
533852362
817142533
9192446
430795517
565118973
2437734
794429822
830364860
559557551
299632659
677873735
142528330
252507356
825376640
193353073
585598661
864236114
973688340
697904420
68295809
963406135
341815214
691837215
54143875
426464642
736059165
493165874
107599111
214325885
272622759
508986308
636730618
779072330
377719427
752119373
313023104
345746266
4584799
333009373
294707311
866741495
455342298
162444692
545908691
493906875
246433291
320711976
755641960
856988439
315471864
840195426
543819555
315649230
390919712
823974048
261536938
780824951
791578866
607080789
512384471
268048126
959883860
140056709
743765049
546775843
383747101
279945290
58324114
909201401
412867738
280969297
4210522
987026024
402363149
678333021
236087098
550711469
528057897
607116483
670118291
442602197
271789208
292781293
957564149
106660677
694583157
617817560
572044200
71526197
976454354
16880789
712655398
704597296
217384499
102149835
623327134
234089365
706145041
792087859
949575795
937710873
827840857
212687387
43633339
84958019
151741418
156135396
884042433
834701551
161830171
308242308
738027396
483393740
124341042
909791493
479374134
377701342
370676974
234240004
711777725
580607484
341893630
869330483
854772021
660434003
613109127
683752919
747554411
856881121
573920418
732952138
839710564
692321786
964576475
274685562
270416340
862570695
157766835
415984488
235093928
307995586
58775071
997298347
792938877
904518716
173984520
914738411
225847078
840228824
549119433
4087910
511278633
486928653
495248820
188529518
361878594
607811495
726094733
349516008
191735776
720496454
910548493
614153934
566528675
250567133
162479200
111997102
61709284
65998900
810807464
267350058
436415277
597265511
825148024
615596918
858781372
282613862
141750617
405931997
371894277
250502259
333797704
858758717
84451373
303010726
892646710
564895110
254020240
281724524
450082695
277574974
636456251
281525508
882473620
822299136
447964018
819446273
113245993
363380216
40310316
387984075
397449479
569676137
210286738
942527005
481424227
1592103
682422916
877023880
931106149
393083165
694961427
864021231
963322026
330242761
490485000
344746762
560647619
384371131
56419676
727981539
787689140
963151898
651771326
474750555
981192565
725630238
191315216
958027174
821416052
118874007
631280106
674384331
891311890
372852325
68017430
510806053
547670561
729948413
210518034
519435748
792749677
112305131
858926993
663400077
365894960
355614026
552430074
83889270
579289243
686735693
805044712
634193739
498732116
582034106
414928552
868374668
437075442
95841130
493065406
972386316
193131907
605425355
63266400
532331124
248823816
741629534
20411385
633871293
388620787
596277305
696959656
249215930
168832943
713522565
597078206
989663372
95007256
933284097
658318916
31726379
793201407
626512765
338724210
939162084
114054055
208210016
454315321
782480086
825106251
557005347
769750459
980317300
721303958
848414932
709984973
770835462
555877673
537859220
113770620
648570407
848311832
961787417
323444101
43644744
801404525
249760557
635652059
369711660
416383140
41084717
430618404
567024746
134362669
804609930
151072573
632677615
474776046
47187019
591351474
797970041
941489854
365622922
966267718
477721117
38220267
917711603
606163569
729040321
82866101
828818504
535363549
863696034
545450961
967154655
8943081
548769744
231955942
199747618
433607206
82226861
895988243
118677774
706600412
125217138
74399080
149839541
946827910
71447467
479772776
4946876
900457553
5188277
656158093
724868573
271681186
264115783
927310788
694639718
59889293
512856806
971561709
868900537
412762974
419904111
28077660
627394250
353855764
222718097
625442139
412015524
374018785
620261712
343256998
855476708
743502252
935348100
351380973
816390204
893297807
567393624
390830677
429238770
900725592
48568523
176228599
219963230
163751692
722478130
130054240
437101679
637363808
377443508
754446352
4483367
896100927
822413516
583550203
290990106
814357063
798696139
263802379
928494835
360132427
381900116
734738075
547414256
674352594
829941214
146736381
358808929
417437846
633669942
985050358
354947628
60632839
800382458
383004221
2261068
328712134
710727455
522548479
282323022
751149866
513107051
492326494
9333458
91199422
80828667
403751661
424736528
272635585
682598847
970459446
247682896
876597924
713124345
86525492
899926897
811041680
237129154
668329945
425502563
792934878
899560581
105264009
665996717
924322460
49550722
190947997
269810152
981182991
156116556
642513122
481743681
395148331
168965452
879697175
495056123
357845789
641360443
380013426
7477483
610763202
34563756
28968988
398017530
15170605
954313856
427612080
471200935
917265445
624757359
906766784
783357826
81003428
794294918
186351952
228630450
522926425
540267171
589096281
145928048
294048039
642091259
965894984
598251658
136884900
918823061
399814012
736398561
672570779
161772493
142678987
555688683
300514954
13824722
733160957
681906737
961073445
36895783
832607824
508295634
945762001
323189030
797861874
866637567
967247145
968414840
581489034
169921405
828952189
961802398
779494320
840694310
97690190
636917868
914732401
862197608
212844500
638990728
486409420
776188868
70641784
539118319
746954551
630808656
547591258
259787121
864091162
383338806
593569996
289103408
455964498
285835315
176575700
819046693
219684272
736210713
844666798
727811483
773911928
620569677
828336456
831359666
330694883
968211273
810929861
876572637
657417885
802794779
801549563
129999204
825495111
747182820
595762933
533438179
496452342
926579291
276440177
139894217
571301298
667680328
93449826
170319322
623439864
998484745
503557999
698253230
755505209
942997776
13272690
538558256
846883417
653253474
765455611
349198367
268879408
778892825
309585867
412881040
42134540
623715556
317458265
873879914
388423469
694973314
81337424
267320040
519968328
735706699
29220367
992974619
535221253
258541223
166674728
489911910
206478721
171943828
173110241
759285248
18948301
953618468
243067062
26781301
26578285
736486396
514046677
766870566
292227801
952180695
577509536
651731908
26836223
361161217
395100719
95450841
166350015
631096029
359870923
548603967
204542062
916078432
631555188
481662630
842403924
932645267
562992220
866193171
444935982
133307156
901359466
111982427
58705580
222326165
120387000
404545708
106858484
180943196
448303638
846454789
722840605
852934082
414858372
954999993
803097269
912657844
228166332
721173745
513325116
140805685
289493157
628759078
872269479
179061466
710050017
389529003
453438941
497687628
550247232
476443937
679689789
880944842
496296779
35616512
553526551
802549924
840464058
702934805
661040430
414954177
652623870
158883582
224565053
954750746
244898488
70130864
236636782
140899133
927554112
554031858
203456228
540735691
623204895
548182495
603846195
220525562
43497109
564942184
32998370
285699091
926526740
300738512
31646704
118570485
266907842
901731374
6319948
78672528
461882619
54218478
263587420
500739947
974079949
549202512
401204087
730593055
811734139
327135976
70115179
822708186
46354427
42861084
181939704
907283933
375555960
602621609
294700626
777438718
196997328
32748319
642808739
936858663
359791382
831299680
269034886
972366293
993618193
593526821
388991117
746967706
320706492
799290233
730496701
494258843
26070724
398746428
354055181
847419154
297140493
246540449
63553259
337677005
632387886
56819120
885557942
168882349
1922544
703536069
23282756
101172264
615855314
42686479
932054110
663280584
470816392
6293010
245668928
308586922
557963128
507645477
732433434
673907712
141219387
194963957
905938321
91602831
956369954
836101376
39379006
465368114
413295535
618267419
757556270
571939157
468763927
580288749
508330592
879198330
689870023
551059057
578133834
307557304
120502236
755940216
439864661
855970359
913119913
570874917
644726108
35481269
953703221
419773295
435728177
260052484
957139386
981184418
328657944
683333513
755401512
394283230
11832650
998224831
534675871
368401815
419688052
496849074
881160440
87825683
323518005
534462597
169035069
257694191
556196003
630537708
715967789
884993691
441044423
585720498
699037881
633172953
95817756
537500725
516085642
540653378
990816020
504452581
468505976
149195201
127688595
997865417
694056724
96057365
86562418
987476729
656108575
118936404
246380285
353546277
172427281
557242723
597952886
467793932
137168531
972012414
788959632
158191110
661674501
378676918
597754100
169396347
105808377
197671534
79052735
325527914
136929718
640502494
297722114
914171107
164470966
593102224
49110849
599006093
928443176
121661414
End
