798438601
127674119
161373577
838495424
232967889
451126260
807182730
630502784
669843596
701243919
131497987
734146719
604329759
245049873
629456755
916713363
636417156
164284291
88518918
754172104
738445154
674396077
923141212
602830048
612829284
954371123
941415950
762805089
938119854
390940885
113983849
294434574
587466634
600565312
842450496
192806237
887296803
831438073
829889169
758263943
332377323
950180043
728145975
553288423
414538119
361244470
104148777
595439450
712202065
164542519
325195274
975481254
126922934
679911344
313623268
882351536
76653016
69266819
End
