-1080508233 1074904171
-676145193 201184899
-1080508233 -676145193 201184899 1074904171
-1269381845 -879108774
1721511969 2100331050
-1269381845 -879108774 1721511969 2100331050
-1269381845 -1080508233 -879108774 -676145193 201184899 1074904171 1721511969 2100331050
-1030327199 -397098978
-1017050850 411949900
-1030327199 -1017050850 -397098978 411949900
-2054787302 -1484524170
-1210869201 165710796
-2054787302 -1484524170 -1210869201 165710796
-2054787302 -1484524170 -1210869201 -1030327199 -1017050850 -397098978 165710796 411949900
-2054787302 -1484524170 -1269381845 -1210869201 -1080508233 -1030327199 -1017050850 -879108774 -676145193 -397098978 165710796 201184899 411949900 1074904171 1721511969 2100331050
-1600243077 506347909
-1048609460 -547576003
-1600243077 -1048609460 -547576003 506347909
-1016993036 1271669227
79511319 909007828
-1016993036 79511319 909007828 1271669227
-1600243077 -1048609460 -1016993036 -547576003 79511319 506347909 909007828 1271669227
-696836519 -384293716
-1562703831 597338642
-1562703831 -696836519 -384293716 597338642
-760844676 736880280
-1985380226 -1507392928
-1985380226 -1507392928 -760844676 736880280
-1985380226 -1562703831 -1507392928 -760844676 -696836519 -384293716 597338642 736880280
-1985380226 -1600243077 -1562703831 -1507392928 -1048609460 -1016993036 -760844676 -696836519 -547576003 -384293716 79511319 506347909 597338642 736880280 909007828 1271669227
-2054787302 -1985380226 -1600243077 -1562703831 -1507392928 -1484524170 -1269381845 -1210869201 -1080508233 -1048609460 -1030327199 -1017050850 -1016993036 -879108774 -760844676 -696836519 -676145193 -547576003 -397098978 -384293716 79511319 165710796 201184899 411949900 506347909 597338642 736880280 909007828 1074904171 1271669227 1721511969 2100331050
-1555715439 1488022241
-1843987770 -1620985158
-1843987770 -1620985158 -1555715439 1488022241
-494644551 1232294041
-1225972648 -402972738
-1225972648 -494644551 -402972738 1232294041
-1843987770 -1620985158 -1555715439 -1225972648 -494644551 -402972738 1232294041 1488022241
65681656 423625393
252401481 1108935570
65681656 252401481 423625393 1108935570
754196942 1400375403
-239118891 1460077440
-239118891 754196942 1400375403 1460077440
-239118891 65681656 252401481 423625393 754196942 1108935570 1400375403 1460077440
-1843987770 -1620985158 -1555715439 -1225972648 -494644551 -402972738 -239118891 65681656 252401481 423625393 754196942 1108935570 1232294041 1400375403 1460077440 1488022241
-2104278366 1816565736
-1251278793 408482583
-2104278366 -1251278793 408482583 1816565736
-2110475069 1948472362
-915958530 -799875875
-2110475069 -915958530 -799875875 1948472362
-2110475069 -2104278366 -1251278793 -915958530 -799875875 408482583 1816565736 1948472362
-1305582700 1334030309
675595989 1169968517
-1305582700 675595989 1169968517 1334030309
-772647047 -69266538
-1270196039 654063797
-1270196039 -772647047 -69266538 654063797
-1305582700 -1270196039 -772647047 -69266538 654063797 675595989 1169968517 1334030309
-2110475069 -2104278366 -1305582700 -1270196039 -1251278793 -915958530 -799875875 -772647047 -69266538 408482583 654063797 675595989 1169968517 1334030309 1816565736 1948472362
-2110475069 -2104278366 -1843987770 -1620985158 -1555715439 -1305582700 -1270196039 -1251278793 -1225972648 -915958530 -799875875 -772647047 -494644551 -402972738 -239118891 -69266538 65681656 252401481 408482583 423625393 654063797 675595989 754196942 1108935570 1169968517 1232294041 1334030309 1400375403 1460077440 1488022241 1816565736 1948472362
-2110475069 -2104278366 -2054787302 -1985380226 -1843987770 -1620985158 -1600243077 -1562703831 -1555715439 -1507392928 -1484524170 -1305582700 -1270196039 -1269381845 -1251278793 -1225972648 -1210869201 -1080508233 -1048609460 -1030327199 -1017050850 -1016993036 -915958530 -879108774 -799875875 -772647047 -760844676 -696836519 -676145193 -547576003 -494644551 -402972738 -397098978 -384293716 -239118891 -69266538 65681656 79511319 165710796 201184899 252401481 408482583 411949900 423625393 506347909 597338642 654063797 675595989 736880280 754196942 909007828 1074904171 1108935570 1169968517 1232294041 1271669227 1334030309 1400375403 1460077440 1488022241 1721511969 1816565736 1948472362 2100331050
