-130998546 1067879086
-134661851 -130998546 1067879086
578549107 972619583
578549107 972619583 1140208998
-134661851 -130998546 578549107 972619583 1067879086 1140208998
122220150 765541114
-555547629 122220150 765541114
-2086635598 404625183
-2086635598 404625183 617336727
-2086635598 -555547629 122220150 404625183 617336727 765541114
-2086635598 -555547629 -134661851 -130998546 122220150 404625183 578549107 617336727 765541114 972619583 1067879086 1140208998
-1919072869 60634589
-1919072869 60634589 2111918913
892064925 942086348
892064925 942086348 1348010374
-1919072869 60634589 892064925 942086348 1348010374 2111918913
-461591205 1450162417
-461591205 1450162417 1606476510
235892588 828345803
-1481250028 235892588 828345803
-1481250028 -461591205 235892588 828345803 1450162417 1606476510
-1919072869 -1481250028 -461591205 60634589 235892588 828345803 892064925 942086348 1348010374 1450162417 1606476510 2111918913
-2086635598 -1919072869 -1481250028 -555547629 -461591205 -134661851 -130998546 60634589 122220150 235892588 404625183 578549107 617336727 765541114 828345803 892064925 942086348 972619583 1067879086 1140208998 1348010374 1450162417 1606476510 2111918913
-2044986177 1187751599
-2044986177 -1625341946 1187751599
-1722428927 -183919779
-1722428927 -183919779 -91122448
-2044986177 -1722428927 -1625341946 -183919779 -91122448 1187751599
-1921438835 1775112582
-1921438835 1371524877 1775112582
-1633445346 -933873464
-1633445346 -933873464 1908093049
-1921438835 -1633445346 -933873464 1371524877 1775112582 1908093049
-2044986177 -1921438835 -1722428927 -1633445346 -1625341946 -933873464 -183919779 -91122448 1187751599 1371524877 1775112582 1908093049
-787138921 -134418370
-1659200867 -787138921 -134418370
-1654148178 886708325
-1826603613 -1654148178 886708325
-1826603613 -1659200867 -1654148178 -787138921 -134418370 886708325
136868570 1750004217
136868570 478628911 1750004217
-1132574082 1345381996
604346662 2007080291
-1132574082 604346662 1345381996 2007080291
-1132574082 136868570 478628911 604346662 1345381996 1750004217 2007080291
-1826603613 -1659200867 -1654148178 -1132574082 -787138921 -134418370 136868570 478628911 604346662 886708325 1345381996 1750004217 2007080291
-2044986177 -1921438835 -1826603613 -1722428927 -1659200867 -1654148178 -1633445346 -1625341946 -1132574082 -933873464 -787138921 -183919779 -134418370 -91122448 136868570 478628911 604346662 886708325 1187751599 1345381996 1371524877 1750004217 1775112582 1908093049 2007080291
-2086635598 -2044986177 -1921438835 -1919072869 -1826603613 -1722428927 -1659200867 -1654148178 -1633445346 -1625341946 -1481250028 -1132574082 -933873464 -787138921 -555547629 -461591205 -183919779 -134661851 -134418370 -130998546 -91122448 60634589 122220150 136868570 235892588 404625183 478628911 578549107 604346662 617336727 765541114 828345803 886708325 892064925 942086348 972619583 1067879086 1140208998 1187751599 1345381996 1348010374 1371524877 1450162417 1606476510 1750004217 1775112582 1908093049 2007080291 2111918913
-1079070644 2128343671
-1541654117 -1079070644 2128343671
-1093984747 2132899799
-1093984747 563651854 2132899799
-1541654117 -1093984747 -1079070644 563651854 2128343671 2132899799
1479373811 1865991600
315333058 1479373811 1865991600
1221358693 1591805926
-1439817224 1221358693 1591805926
-1439817224 315333058 1221358693 1479373811 1591805926 1865991600
-1541654117 -1439817224 -1093984747 -1079070644 315333058 563651854 1221358693 1479373811 1591805926 1865991600 2128343671 2132899799
-581730669 -383776137
570249681 1940007158
-581730669 -383776137 570249681 1940007158
-868463919 32293160
-1907467525 -868463919 32293160
-1907467525 -868463919 -581730669 -383776137 32293160 570249681 1940007158
156667873 1519705015
-1409225910 156667873 1519705015
-959043138 495147977
-959043138 -501794701 495147977
-1409225910 -959043138 -501794701 156667873 495147977 1519705015
-1907467525 -1409225910 -959043138 -868463919 -581730669 -501794701 -383776137 32293160 156667873 495147977 570249681 1519705015 1940007158
-1907467525 -1541654117 -1439817224 -1409225910 -1093984747 -1079070644 -959043138 -868463919 -581730669 -501794701 -383776137 32293160 156667873 315333058 495147977 563651854 570249681 1221358693 1479373811 1519705015 1591805926 1865991600 1940007158 2128343671 2132899799
-1833422131 663288480
-1833422131 -275612324 663288480
-218163910 1925153325
-218163910 -8979218 1925153325
-1833422131 -275612324 -218163910 -8979218 663288480 1925153325
-239648616 921527059
-239648616 921527059 1894296566
-1797864017 643033816
-1797864017 -1671438939 643033816
-1797864017 -1671438939 -239648616 643033816 921527059 1894296566
-1833422131 -1797864017 -1671438939 -275612324 -239648616 -218163910 -8979218 643033816 663288480 921527059 1894296566 1925153325
-1586912988 445137500
-1586912988 -208268810 445137500
-1131204539 -631207626
-1131204539 -631207626 1887954392
-1586912988 -1131204539 -631207626 -208268810 445137500 1887954392
-184648270 638799581
-184648270 638799581 1018152976
-1448808837 207666162
-2113741551 1269024381
-2113741551 -1448808837 207666162 1269024381
-2113741551 -1448808837 -184648270 207666162 638799581 1018152976 1269024381
-2113741551 -1586912988 -1448808837 -1131204539 -631207626 -208268810 -184648270 207666162 445137500 638799581 1018152976 1269024381 1887954392
-2113741551 -1833422131 -1797864017 -1671438939 -1586912988 -1448808837 -1131204539 -631207626 -275612324 -239648616 -218163910 -208268810 -184648270 -8979218 207666162 445137500 638799581 643033816 663288480 921527059 1018152976 1269024381 1887954392 1894296566 1925153325
-2113741551 -1907467525 -1833422131 -1797864017 -1671438939 -1586912988 -1541654117 -1448808837 -1439817224 -1409225910 -1131204539 -1093984747 -1079070644 -959043138 -868463919 -631207626 -581730669 -501794701 -383776137 -275612324 -239648616 -218163910 -208268810 -184648270 -8979218 32293160 156667873 207666162 315333058 445137500 495147977 563651854 570249681 638799581 643033816 663288480 921527059 1018152976 1221358693 1269024381 1479373811 1519705015 1591805926 1865991600 1887954392 1894296566 1925153325 1940007158 2128343671 2132899799
-2113741551 -2086635598 -2044986177 -1921438835 -1919072869 -1907467525 -1833422131 -1826603613 -1797864017 -1722428927 -1671438939 -1659200867 -1654148178 -1633445346 -1625341946 -1586912988 -1541654117 -1481250028 -1448808837 -1439817224 -1409225910 -1132574082 -1131204539 -1093984747 -1079070644 -959043138 -933873464 -868463919 -787138921 -631207626 -581730669 -555547629 -501794701 -461591205 -383776137 -275612324 -239648616 -218163910 -208268810 -184648270 -183919779 -134661851 -134418370 -130998546 -91122448 -8979218 32293160 60634589 122220150 136868570 156667873 207666162 235892588 315333058 404625183 445137500 478628911 495147977 563651854 570249681 578549107 604346662 617336727 638799581 643033816 663288480 765541114 828345803 886708325 892064925 921527059 942086348 972619583 1018152976 1067879086 1140208998 1187751599 1221358693 1269024381 1345381996 1348010374 1371524877 1450162417 1479373811 1519705015 1591805926 1606476510 1750004217 1775112582 1865991600 1887954392 1894296566 1908093049 1925153325 1940007158 2007080291 2111918913 2128343671 2132899799
