1115423153 1743424569
1115423153 1357726867 1743424569
-1475705408 2088584280
-1475705408 -172520345 2088584280
-1475705408 -172520345 1115423153 1357726867 1743424569 2088584280
-1922470988 1369589864
-1922470988 -1836204499 1369589864
-1935520406 -521468494
-823597088 -208489965
-1935520406 -823597088 -521468494 -208489965
-1935520406 -1922470988 -1836204499 -823597088 -521468494 -208489965 1369589864
-1935520406 -1922470988 -1836204499 -1475705408 -823597088 -521468494 -208489965 -172520345 1115423153 1357726867 1369589864 1743424569 2088584280
1352124155 1652389061
-373768137 1352124155 1652389061
-2060620948 1618076723
-2060620948 120677463 1618076723
-2060620948 -373768137 120677463 1352124155 1618076723 1652389061
-1240088708 1470474675
-1240088708 1470474675 1647989700
-764073278 1811652160
-764073278 -706552116 1811652160
-1240088708 -764073278 -706552116 1470474675 1647989700 1811652160
-2060620948 -1240088708 -764073278 -706552116 -373768137 120677463 1352124155 1470474675 1618076723 1647989700 1652389061 1811652160
-2060620948 -1935520406 -1922470988 -1836204499 -1475705408 -1240088708 -823597088 -764073278 -706552116 -521468494 -373768137 -208489965 -172520345 120677463 1115423153 1352124155 1357726867 1369589864 1470474675 1618076723 1647989700 1652389061 1743424569 1811652160 2088584280
-740745146 1531894397
-740745146 1531894397 2103621912
-2005017191 -1090436042
-2005017191 -1090436042 -684806691
-2005017191 -1090436042 -740745146 -684806691 1531894397 2103621912
-1534567429 1924373607
-1534567429 -156043262 1924373607
-1289519177 1393154488
-1938568635 812240446
-1938568635 -1289519177 812240446 1393154488
-1938568635 -1534567429 -1289519177 -156043262 812240446 1393154488 1924373607
-2005017191 -1938568635 -1534567429 -1289519177 -1090436042 -740745146 -684806691 -156043262 812240446 1393154488 1531894397 1924373607 2103621912
-2105420744 1727740985
-2105420744 860081307 1727740985
-1171496226 1608256429
-1914954893 -1171496226 1608256429
-2105420744 -1914954893 -1171496226 860081307 1608256429 1727740985
-1415818345 1169945927
-1415818345 499783695 1169945927
-183369290 1737930087
-183369290 663618275 1737930087
-1415818345 -183369290 499783695 663618275 1169945927 1737930087
-2105420744 -1914954893 -1415818345 -1171496226 -183369290 499783695 663618275 860081307 1169945927 1608256429 1727740985 1737930087
-2105420744 -2005017191 -1938568635 -1914954893 -1534567429 -1415818345 -1289519177 -1171496226 -1090436042 -740745146 -684806691 -183369290 -156043262 499783695 663618275 812240446 860081307 1169945927 1393154488 1531894397 1608256429 1727740985 1737930087 1924373607 2103621912
-2105420744 -2060620948 -2005017191 -1938568635 -1935520406 -1922470988 -1914954893 -1836204499 -1534567429 -1475705408 -1415818345 -1289519177 -1240088708 -1171496226 -1090436042 -823597088 -764073278 -740745146 -706552116 -684806691 -521468494 -373768137 -208489965 -183369290 -172520345 -156043262 120677463 499783695 663618275 812240446 860081307 1115423153 1169945927 1352124155 1357726867 1369589864 1393154488 1470474675 1531894397 1608256429 1618076723 1647989700 1652389061 1727740985 1737930087 1743424569 1811652160 1924373607 2088584280 2103621912
-2048479719 596006404
-2048479719 -1245494369 596006404
-898558701 2142344473
-2090934980 -898558701 2142344473
-2090934980 -2048479719 -1245494369 -898558701 596006404 2142344473
-571209115 -521943409
-571209115 -551304577 -521943409
1148771484 1823396740
-387944610 1148771484 1823396740
-571209115 -551304577 -521943409 -387944610 1148771484 1823396740
-2090934980 -2048479719 -1245494369 -898558701 -571209115 -551304577 -521943409 -387944610 596006404 1148771484 1823396740 2142344473
-1481127207 420226497
-1481127207 29325474 420226497
400932743 716650211
-974989101 400932743 716650211
-1481127207 -974989101 29325474 400932743 420226497 716650211
-364141079 806831205
-855536617 1277415471
-855536617 -364141079 806831205 1277415471
-1858596602 -1552662743
-1858596602 -1552662743 1887457609
-1858596602 -1552662743 -855536617 -364141079 806831205 1277415471 1887457609
-1858596602 -1552662743 -1481127207 -974989101 -855536617 -364141079 29325474 400932743 420226497 716650211 806831205 1277415471 1887457609
-2090934980 -2048479719 -1858596602 -1552662743 -1481127207 -1245494369 -974989101 -898558701 -855536617 -571209115 -551304577 -521943409 -387944610 -364141079 29325474 400932743 420226497 596006404 716650211 806831205 1148771484 1277415471 1823396740 1887457609 2142344473
-787028564 780307553
-1381840043 -787028564 780307553
-784582268 1231762157
-460761790 -327441543
-784582268 -460761790 -327441543 1231762157
-1381840043 -787028564 -784582268 -460761790 -327441543 780307553 1231762157
-1363882500 -448655924
-1363882500 -448655924 -120081077
-1282172967 -852467557
-1310656516 -1282172967 -852467557
-1363882500 -1310656516 -1282172967 -852467557 -448655924 -120081077
-1381840043 -1363882500 -1310656516 -1282172967 -852467557 -787028564 -784582268 -460761790 -448655924 -327441543 -120081077 780307553 1231762157
-1264008593 2007408352
-1264008593 -849782244 2007408352
-1127722647 31544804
-1127722647 31544804 1900060144
-1264008593 -1127722647 -849782244 31544804 1900060144 2007408352
-166921617 1699982101
-701104943 -166921617 1699982101
-1542230292 279535865
-1542230292 279535865 651368016
-1542230292 -701104943 -166921617 279535865 651368016 1699982101
-1542230292 -1264008593 -1127722647 -849782244 -701104943 -166921617 31544804 279535865 651368016 1699982101 1900060144 2007408352
-1542230292 -1381840043 -1363882500 -1310656516 -1282172967 -1264008593 -1127722647 -852467557 -849782244 -787028564 -784582268 -701104943 -460761790 -448655924 -327441543 -166921617 -120081077 31544804 279535865 651368016 780307553 1231762157 1699982101 1900060144 2007408352
-2090934980 -2048479719 -1858596602 -1552662743 -1542230292 -1481127207 -1381840043 -1363882500 -1310656516 -1282172967 -1264008593 -1245494369 -1127722647 -974989101 -898558701 -855536617 -852467557 -849782244 -787028564 -784582268 -701104943 -571209115 -551304577 -521943409 -460761790 -448655924 -387944610 -364141079 -327441543 -166921617 -120081077 29325474 31544804 279535865 400932743 420226497 596006404 651368016 716650211 780307553 806831205 1148771484 1231762157 1277415471 1699982101 1823396740 1887457609 1900060144 2007408352 2142344473
-2105420744 -2090934980 -2060620948 -2048479719 -2005017191 -1938568635 -1935520406 -1922470988 -1914954893 -1858596602 -1836204499 -1552662743 -1542230292 -1534567429 -1481127207 -1475705408 -1415818345 -1381840043 -1363882500 -1310656516 -1289519177 -1282172967 -1264008593 -1245494369 -1240088708 -1171496226 -1127722647 -1090436042 -974989101 -898558701 -855536617 -852467557 -849782244 -823597088 -787028564 -784582268 -764073278 -740745146 -706552116 -701104943 -684806691 -571209115 -551304577 -521943409 -521468494 -460761790 -448655924 -387944610 -373768137 -364141079 -327441543 -208489965 -183369290 -172520345 -166921617 -156043262 -120081077 29325474 31544804 120677463 279535865 400932743 420226497 499783695 596006404 651368016 663618275 716650211 780307553 806831205 812240446 860081307 1115423153 1148771484 1169945927 1231762157 1277415471 1352124155 1357726867 1369589864 1393154488 1470474675 1531894397 1608256429 1618076723 1647989700 1652389061 1699982101 1727740985 1737930087 1743424569 1811652160 1823396740 1887457609 1900060144 1924373607 2007408352 2088584280 2103621912 2142344473
