{
  "statements": [
    {
      "column_names": ["id"],
      "rows": [
        [9],
        [10]
      ]
    },
    {
      "column_names": ["id"],
      "rows": [
        [3],
        [8],
        [19],
        [20]
      ]
    },
    {
      "column_names": ["id"],
      "rows": [
        [3],
        [4],
        [9],
        [10],
        [11],
        [12],
        [13],
        [14],
        [15],
        [16],
        [17]
      ]
    },
    {
      "column_names": ["id"],
      "rows": [
        [4],
        [8],
        [11],
        [12],
        [13],
        [14]
      ]
    }
  ]
}
