0
Cannot pop
3
122854827
93397179
467098727
3
494330630
1
1
865633510
865633510
865633510
6
6
8
911216395
2
2
Cannot pop
Cannot pop
Cannot pop
Cannot pop
2
4
768559297
Cannot pop
Cannot pop
0
Cannot pop
Empty
0
238007531
Cannot pop
Empty
Cannot pop
5
344925502
6
6
345715157
6
5
6
6
5
497976112
876645477
312670286
203177045
203177045
11
11
973081962
379932839
12
379932839
379932839
11
9
6
497976112
0
Cannot pop
315755530
Cannot pop
0
Empty
Empty
0
Empty
538486397
5
79063520
2
2
804147741
Cannot pop
1
Cannot pop
0
Empty
769811462
697919487
Empty
Cannot pop
0
Cannot pop
361360877
3
4
6
622600612
4
622600612
699021890
3
658896601
2
4
817332021
1
988646484
5
5
6
7
543052399
396392410
8
484337435
291279083
10
11
11
14
7
8
817701080
587875567
8
7
8
614196055
562803919
5
5
549540272
6
762116138
4
122754623
1
906232764
906232764
0
0
Cannot pop
Cannot pop
Cannot pop
Cannot pop
988576855
988576855
1
1
Cannot pop
39949445
2
Cannot pop
Cannot pop
Cannot pop
0
Empty
Cannot pop
804886582
19817495
Empty
Cannot pop
437892230
339963799
4
829546176
169776552
456263953
946632632
852704392
13
14
15
491748231
973017016
294824608
14
16
954680832
721274195
581866077
15
618797828
98213920
849458801
658274784
506227667
342102981
342102981
19
367968564
787222397
29994870
17
390822283
15
89017413
14
13
5
5
311001078
5
6
9
113817677
12
15441955
88922825
14
15
375450109
17
767092959
375450109
16
281706383
35572976
765584384
21
288942868
22
25
28
28
28
9350360
31
29
741768399
