Empty
5
78449204
260979091
15
77114031
410798836
29
29
41
43
47
515115646
49
52
794887499
131025472
61
63
66
276783813
70
249940319
81
83
86
228777615
89
91
92
899687517
958099778
98
139807423
98
469168371
99
102
102
106
108
112
244859079
135
135
144392042
759142473
857012291
149
211732513
153
155
938192094
673228735
585165010
185
188
159111849
702129698
193
716643797
252640158
108198774
196
198
199
198
765638663
943839637
214
215
215
758795354
221
975363172
232
236
242
311978209
881554308
262
669586331
439869841
47534780
947989664
279
285
121518285
845103736
295
304
304
733525066
307
258982873
75740143
586118514
412106895
142196690
327
40719937
170700641
346
64921359
64921359
346
350
604519245
62880251
292528066
292528066
697760318
359
363
682002159
367
367
367
149126980
6474250
463718755
753287868
897217447
239660794
945458897
391
876874747
394
396
379794524
379794524
406
413
427
428
428
122729305
102898595
434
437
272975891
442
294659805
905905033
477
484
68668706
640536141
495
496
380702055
498
498
603966291
219335666
219335666
715748212
506
507
911604968
911604968
510
511
512
787213659
863644873
330413525
530
108612060
537
997675198
536
661244573
955070316
542
54895468
544
127220286
578140767
546
549
551
554
557
558
558
739988563
559
168640248
168640248
168640248
837699009
561
764266155
277030376
594146347
7903713
578
586
859358850
