1 1 2 2
3 3 4 4
1 2 3 4
5 5 6 6
7 7 8 8
5 6 7 8
1 4 5 8
9 9 10 10
11 11 12 12
9 10 11 12
13 13 14 14
15 15 16 16
13 14 15 16
9 12 13 16
1 8 9 16
17 17 18 18
19 19 20 20
17 18 19 20
21 21 22 22
23 23 24 24
21 22 23 24
17 20 21 24
25 25 26 26
27 27 28 28
25 26 27 28
29 29 30 30
31 31 32 32
29 30 31 32
25 28 29 32
17 24 25 32
1 16 17 32
33 33 34 34
35 35 36 36
33 34 35 36
37 37 38 38
39 39 40 40
37 38 39 40
33 36 37 40
41 41 42 42
43 43 44 44
41 42 43 44
45 45 46 46
47 47 48 48
45 46 47 48
41 44 45 48
33 40 41 48
49 49 50 50
51 51 52 52
49 50 51 52
53 53 54 54
55 55 56 56
53 54 55 56
49 52 53 56
57 57 58 58
59 59 60 60
57 58 59 60
61 61 62 62
63 63 64 64
61 62 63 64
57 60 61 64
49 56 57 64
33 48 49 64
1 32 33 64
