1 1 2 2
3 3 4 4
1 2 3 4
5 5 6 6
5 6 7 7
1 4 5 7
8 8 9 9
8 9 10 10
11 11 12 12
11 12 13 13
8 10 11 13
1 7 8 13
14 14 15 15
14 15 16 16
17 17 18 18
17 18 19 19
14 16 17 19
20 20 21 21
20 21 22 22
23 23 24 24
23 24 25 25
20 22 23 25
14 19 20 25
1 13 14 25
26 26 27 27
28 28 29 29
26 27 28 29
30 30 31 31
30 31 32 32
26 29 30 32
33 33 34 34
33 34 35 35
36 36 37 37
36 37 38 38
33 35 36 38
26 32 33 38
39 39 40 40
39 40 41 41
42 42 43 43
42 43 44 44
39 41 42 44
45 45 46 46
45 46 47 47
48 48 49 49
48 49 50 50
45 47 48 50
39 44 45 50
26 38 39 50
1 25 26 50
51 51 52 52
53 53 54 54
51 52 53 54
55 55 56 56
55 56 57 57
51 54 55 57
58 58 59 59
58 59 60 60
61 61 62 62
61 62 63 63
58 60 61 63
51 57 58 63
64 64 65 65
64 65 66 66
67 67 68 68
67 68 69 69
64 66 67 69
70 70 71 71
70 71 72 72
73 73 74 74
73 74 75 75
70 72 73 75
64 69 70 75
51 63 64 75
76 76 77 77
78 78 79 79
76 77 78 79
80 80 81 81
80 81 82 82
76 79 80 82
83 83 84 84
83 84 85 85
86 86 87 87
86 87 88 88
83 85 86 88
76 82 83 88
89 89 90 90
89 90 91 91
92 92 93 93
92 93 94 94
89 91 92 94
95 95 96 96
95 96 97 97
98 98 99 99
98 99 100 100
95 97 98 100
89 94 95 100
76 88 89 100
51 75 76 100
1 50 51 100
