{
  "statements": [
    {
      "column_names": ["model_name"],
      "rows": [
        ["Binbows A12"],
        ["Binbows A13"]
      ]
    },
    {
      "column_names": ["model_name"],
      "rows": [
        ["BananaBook Pro 14"]
      ]
    },
    {
      "column_names": ["model_name"],
      "rows": [
        ["Binbows A12"],
        ["Binbows A13"],
        ["XP 16"],
        ["XP 17"]
      ]
    },
    {
      "column_names": ["model_name"],
      "rows": [
        ["XP 17"]
      ]
    }
  ]
}
