0
Cannot pop
3
494330630
668663046
767672793
3
533866938
1
1
483705041
483705041
483705041
6
6
8
107082709
2
2
Cannot pop
Cannot pop
Cannot pop
Cannot pop
2
4
768559297
Cannot pop
Cannot pop
0
Cannot pop
Empty
0
238007531
Cannot pop
Empty
Cannot pop
5
170729798
6
6
279087878
6
5
6
6
5
197843664
568711427
164751728
911305374
876645477
11
11
312670286
122154871
12
239189188
239189188
11
9
6
965990732
0
Cannot pop
315755530
Cannot pop
0
Empty
Empty
0
Empty
314305867
5
331787804
2
2
526518374
Cannot pop
1
Cannot pop
0
Empty
697919487
769811462
Empty
Cannot pop
0
Cannot pop
361360877
3
4
6
622600612
4
495663734
669495860
3
951567552
2
4
817332021
1
962475573
5
5
6
7
254978958
962528313
8
331766201
396392410
10
11
11
14
7
8
55984342
214150260
8
7
8
587875567
420758585
5
5
3847437
6
135835060
4
584397917
1
906232764
906232764
0
0
Cannot pop
Cannot pop
Cannot pop
Cannot pop
988576855
988576855
1
1
Cannot pop
39949445
2
Cannot pop
Cannot pop
Cannot pop
0
Empty
Cannot pop
386251793
804886582
Empty
Cannot pop
437892230
736232291
4
736232291
965029670
359956907
928353522
169776552
13
14
15
390241830
958714381
946632632
14
16
787982418
561219907
561219907
15
294824608
374886169
98213920
98213920
939311182
721274195
581866077
19
127836357
690725755
658274784
17
476339154
15
787222397
14
13
5
5
89017413
5
6
9
76938870
12
730613684
730613684
14
15
389189780
17
389189780
15441955
16
346640098
346640098
784837823
21
863940721
22
25
28
28
28
180921751
31
29
237998564
