Empty
5
866497513
269900959
15
269900959
269900959
29
29
41
43
47
489560089
49
52
489560089
459804091
61
63
66
78449204
70
494094975
81
83
86
957171668
89
91
92
128968635
128968635
98
822006146
98
558715902
99
102
102
106
108
112
843551645
135
135
260979091
260979091
260979091
149
260979091
153
155
260979091
260979091
432336850
185
188
77114031
564718673
193
243947064
243947064
243947064
196
198
199
198
410798836
390744577
214
215
215
695052916
221
695052916
232
236
242
506581646
506581646
262
291720742
291720742
291720742
291720742
279
285
273519033
273519033
295
304
304
962213636
307
962213636
555242693
555242693
555242693
555242693
327
182966499
182966499
346
182966499
182966499
346
350
886164093
886164093
48378936
541330860
541330860
359
363
553731205
367
367
367
94074835
515115646
768719732
444163515
794887499
794887499
645654937
391
864813025
394
396
903492853
903492853
406
413
427
428
428
373282330
373282330
434
437
131171645
442
252732092
252732092
477
484
984789430
984789430
495
496
125396190
498
498
125396190
125396190
125396190
249940319
506
507
910355633
910355633
510
511
512
910355633
910355633
910355633
530
910355633
537
700593111
536
700593111
700593111
542
700593111
544
277880651
277880651
546
549
551
554
557
558
558
662690770
559
885779228
885779228
909607734
909607734
561
366148498
366148498
366148498
366148498
578
586
965221309
