{
  "statements": [
    {
      "column_names": ["name"],
      "rows": [
        ["Black Forest"],
        ["Carrot Cake"],
        ["Lemon Tart"],
        ["NY Cheesecake"],
        ["Red Velvet"],
        ["Tiramisu"]
      ]
    },
    {
      "column_names": ["name", "weight"],
      "rows": [
        ["Lemon Tart", 450],
        ["Tiramisu", 800],
        ["Black Forest", 950],
        ["Carrot Cake", 1050],
        ["Red Velvet", 1100],
        ["NY Cheesecake", 1200]
      ]
    },
    {
      "column_names": ["name", "price"],
      "rows": [
        ["Lemon Tart", 28],
        ["Tiramisu", 35],
        ["Black Forest", 68]
      ]
    },
    {
      "column_names": ["name", "gross_profit"],
      "rows": [
        ["Black Forest", 34],
        ["NY Cheesecake", 21],
        ["Carrot Cake", 20],
        ["Red Velvet", 19],
        ["Tiramisu", 15],
        ["Lemon Tart", 13]
      ]
    }
  ]
}
