{
  "statements": [
    {
      "column_names": ["name"],
      "rows": [
        ["Banana Cream Pie"],
        ["Chocolate Mousse Cake"],
        ["Funfetti Cake"],
        ["Key Lime Pie"],
        ["NY Cheesecake"],
        ["Triple Chocolate Cake"]
      ]
    },
    {
      "column_names": ["name", "weight"],
      "rows": [
        ["Key Lime Pie", 520],
        ["NY Cheesecake", 650],
        ["Chocolate Mousse Cake", 780],
        ["Banana Cream Pie", 900],
        ["Funfetti Cake", 1000],
        ["Triple Chocolate Cake", 1350]
      ]
    },
    {
      "column_names": ["name", "price"],
      "rows": [
        ["Key Lime Pie", 30],
        ["NY Cheesecake", 34],
        ["Chocolate Mousse Cake", 45],
        ["Banana Cream Pie", 55]
      ]
    },
    {
      "column_names": ["name", "gross_profit"],
      "rows": [
        ["Banana Cream Pie", 23],
        ["Chocolate Mousse Cake", 20],
        ["Triple Chocolate Cake", 17],
        ["NY Cheesecake", 16],
        ["Key Lime Pie", 14],
        ["Funfetti Cake", 12]
      ]
    }
  ]
}
