____________________
____________________
____________________
____________w_______
____________w_______
____________w_______
____________w_______
____________w_______
____________w_______
____________w______q
p___________w___p__q
p____o____o_w___p_oq
p____o____o_w___p_oq
p__m_o__m_o_w_m_p_oq
p__m_o__m_o_w_m_p_oq
p__m_o__m_o_w_m_p_oq
p__m_o__m_o_w_m_p_oq
pi_m_oi_m_oiw_m_p_oq
pi_m_oi_m_oiw_m_p_oq
pi_m_oigm_oiw_m_p_oq
pi_m_oigm_oiw_mfp_oq
pi_meoigm_oiwemfp_oq
pi_meoigm_oiwemfp_oq
pi_meoigm_oiwemfp_oq
pi_meoigm_oiwemfp_oq
piameoigmaoiwemfpaoq
