____________________
____________________
____________________
____________________
____________________
____________________
____________________
____________________
____________________
____________________
____________________
____________________
____________________
____________________
____________________
____________________
____________________
____________________
____________________
____________________
____________________
____________________
_______________ddddd
__________cccccddddd
_____bbbbbcccccddddd
aaaaabbbbbcccccddddd
