99999
299998
149999
449998
224999
674998
337499
1012498
506249
1518748
759374
379687
1139062
569531
1708594
854297
2562892
1281446
640723
1922170
961085
2883256
1441628
720814
360407
1081222
540611
1621834
810917
2432752
1216376
608188
304094
152047
456142
228071
684214
342107
1026322
513161
1539484
769742
384871
1154614
577307
1731922
865961
2597884
1298942
649471
1948414
974207
2922622
1461311
4383934
2191967
6575902
3287951
9863854
4931927
14795782
7397891
22193674
11096837
33290512
16645256
8322628
4161314
2080657
6241972
3120986
1560493
4681480
2340740
1170370
585185
1755556
877778
438889
1316668
658334
329167
987502
493751
1481254
740627
2221882
1110941
3332824
1666412
833206
416603
1249810
624905
1874716
937358
468679
1406038
703019
2109058
1054529
3163588
1581794
790897
2372692
1186346
593173
1779520
889760
444880
222440
111220
55610
27805
83416
41708
20854
10427
31282
15641
46924
23462
11731
35194
17597
52792
26396
13198
6599
19798
9899
29698
14849
44548
22274
11137
33412
16706
8353
25060
12530
6265
18796
9398
4699
14098
7049
21148
10574
5287
15862
7931
23794
11897
35692
17846
8923
26770
13385
40156
20078
10039
30118
15059
45178
22589
67768
33884
16942
8471
25414
12707
38122
19061
57184
28592
14296
7148
3574
1787
5362
2681
8044
4022
2011
6034
3017
9052
4526
2263
6790
3395
10186
5093
15280
7640
3820
1910
955
2866
1433
4300
2150
1075
3226
1613
4840
2420
1210
605
1816
908
454
227
682
341
1024
512
256
128
64
32
16
8
4
2
1
