77671
233014
116507
349522
174761
524284
262142
131071
393214
196607
589822
294911
884734
442367
1327102
663551
1990654
995327
2985982
1492991
4478974
2239487
6718462
3359231
10077694
5038847
15116542
7558271
22674814
11337407
34012222
17006111
51018334
25509167
76527502
38263751
114791254
57395627
172186882
86093441
258280324
129140162
64570081
193710244
96855122
48427561
145282684
72641342
36320671
108962014
54481007
163443022
81721511
245164534
122582267
367746802
183873401
551620204
275810102
137905051
413715154
206857577
620572732
310286366
155143183
465429550
232714775
698144326
349072163
1047216490
523608245
1570824736
785412368
392706184
196353092
98176546
49088273
147264820
73632410
36816205
110448616
55224308
27612154
13806077
41418232
20709116
10354558
5177279
15531838
7765919
23297758
11648879
34946638
17473319
52419958
26209979
78629938
39314969
117944908
58972454
29486227
88458682
44229341
132688024
66344012
33172006
16586003
49758010
24879005
74637016
37318508
18659254
9329627
27988882
13994441
41983324
20991662
10495831
31487494
15743747
47231242
23615621
70846864
35423432
17711716
8855858
4427929
13283788
6641894
3320947
9962842
4981421
14944264
7472132
3736066
1868033
5604100
2802050
1401025
4203076
2101538
1050769
3152308
1576154
788077
2364232
1182116
591058
295529
886588
443294
221647
664942
332471
997414
498707
1496122
748061
2244184
1122092
561046
280523
841570
420785
1262356
631178
315589
946768
473384
236692
118346
59173
177520
88760
44380
22190
11095
33286
16643
49930
24965
74896
37448
18724
9362
4681
14044
7022
3511
10534
5267
15802
7901
23704
11852
5926
2963
8890
4445
13336
6668
3334
1667
5002
2501
7504
3752
1876
938
469
1408
704
352
176
88
44
22
11
34
17
52
26
13
40
20
10
5
16
8
4
2
1
