{
  "statements": [
    {
      "column_names": ["model_name"],
      "rows": [
        ["Bell 3800"],
        ["Nanovo X2"],
        ["BananaBook Pro 15"]
      ]
    },
    {
      "column_names": ["model_name"],
      "rows": [
        ["Bell 2000"],
        ["Nanovo X1"],
        ["Nanovo X2"],
        ["BananaBook Pro 15"]
      ]
    },
    {
      "column_names": ["model_name"],
      "rows": [
        ["Bell 2000"],
        ["BananaBook Pro 15"]
      ]
    },
    {
      "column_names": ["total_storage"],
      "rows": [
        [1024]
      ]
    }
  ]
}
