757703054
544067926
712695184
712695184
911364840
911364840
911364840
911364840
911364840
902318577
902318577
902318577
250896470
250896470
250896470
987378388
597659626
597659626
33207011
418600362
418600362
418600362
417168695
622701955
622701955
622701955
867509363
235369723
235369723
702210660
702210660
439147697
346613315
846251590
314103356
314103356
314103356
314103356
314103356
314103356
314103356
674721858
861402151
509798823
509798823
43451392
996654171
26193206
555835767
555835767
555835767
555835767
587219021
410083856
965163611
882733186
890265728
73353079
73353079
833327658
880144071
880144071
577533852
577533852
577533852
954808340
954808340
954808340
954808340
954808340
954808340
954808340
675991717
232511330
393205297
60498224
768224548
768224548
768224548
815146053
815146053
815146053
517316380
517316380
517316380
517316380
517316380
517316380
683574847
315574723
67476876
67476876
67476876
969649715
969649715
End
End
End
Cannot next
Cannot next
Cannot next
Cannot next
58376259
58376259
58376259
643910770
643910770
5887448
544067926
544067926
544067926
544067926
295641139
620276118
620276118
902318577
865222469
865222469
250896470
987378388
681414208
681414208
133595743
133595743
133595743
133595743
133595743
133595743
649040970
33207011
33207011
960704874
658594226
417168695
767527655
622701955
31134588
439147697
439147697
346613315
314103356
314103356
314103356
314103356
708179173
708179173
861402151
861402151
751546514
751546514
751546514
405752009
405752009
976807343
267881918
26193206
947664189
947664189
555835767
587219021
231445627
231445627
231445627
755417826
410083856
965163611
558818191
73353079
73353079
833327658
577533852
577533852
954808340
902981667
902981667
902981667
295641139
911364840
902318577
902318577
902318577
902318577
643910770
5887448
757703054
544067926
902981667
902981667
712695184
295641139
911364840
911364840
911364840
620276118
620276118
620276118
620276118
58376259
5887448
757703054
757703054
544067926
544067926
544067926
544067926
902981667
712695184
295641139
295641139
911364840
911364840
902318577
902318577
987378388
987378388
742028793
742028793
681414208
681414208
223207847
223207847
658594226
757703054
544067926
544067926
544067926
712695184
712695184
620276118
865222469
987378388
987378388
987378388
987378388
987378388
987378388
987378388
987378388
742028793
742028793
597659626
649040970
33207011
223207847
223207847
960704874
658594226
658594226
31134588
31134588
31134588
31134588
31134588
702210660
702210660
702210660
702210660
702210660
702210660
702210660
439147697
439147697
346613315
346613315
346613315
846251590
846251590
846251590
145434750
509798823
43451392
996654171
405752009
405752009
405752009
267881918
26193206
26193206
26193206
26193206
26193206
26193206
26193206
26193206
26193206
947664189
555835767
555835767
555835767
555835767
555835767
58376259
58376259
58376259
58376259
643910770
757703054
544067926
712695184
295641139
295641139
295641139
911364840
911364840
911364840
681414208
133595743
133595743
649040970
649040970
649040970
33207011
223207847
223207847
223207847
223207847
223207847
223207847
846251590
846251590
846251590
846251590
708179173
861402151
861402151
861402151
861402151
861402151
405752009
267881918
267881918
26193206
555835767
587219021
231445627
231445627
231445627
231445627
755417826
755417826
410083856
410083856
756845479
58376259
643910770
643910770
643910770
911364840
911364840
911364840
911364840
250896470
250896470
250896470
250896470
250896470
987378388
681414208
681414208
133595743
133595743
712695184
712695184
620276118
902318577
865222469
865222469
597659626
223207847
223207847
223207847
223207847
960704874
418600362
658594226
417168695
767527655
235369723
145434750
145434750
145434750
145434750
145434750
674721858
708179173
751546514
751546514
751546514
996654171
405752009
976807343
976807343
555835767
965163611
756845479
890265728
890265728
890265728
677432057
638126944
638126944
638126944
638126944
73353079
73353079
628842884
880144071
880144071
418680347
954808340
954808340
768224548
768224548
768224548
768224548
768224548
778424423
778424423
815146053
517316380
231028081
231028081
206236747
969649715
969649715
969649715
969649715
79136124
79136124
79136124
79136124
79136124
284286825
284286825
284286825
284286825
Cannot next
Cannot next
End
Cannot next
End
Cannot next
Cannot next
End
Cannot next
End
End
Cannot next
Cannot next
End
End
End
End
Cannot next
End
End
Cannot next
58376259
643910770
5887448
757703054
544067926
544067926
544067926
544067926
544067926
544067926
712695184
712695184
712695184
295641139
295641139
911364840
911364840
911364840
911364840
620276118
620276118
865222469
250896470
742028793
742028793
597659626
597659626
597659626
649040970
33207011
658594226
658594226
658594226
702210660
439147697
439147697
439147697
346613315
346613315
346613315
346613315
846251590
58376259
5887448
5887448
757703054
757703054
757703054
544067926
902981667
712695184
295641139
